[0.019s] Invoking command in '/home/shrey/arm_robot/build/arm_robot': CMAKE_PREFIX_PATH=${CMAKE_PREFIX_PATH}:/opt/ros/humble /usr/bin/cmake --build /home/shrey/arm_robot/build/arm_robot -- -j12 -l12
[0.070s] Invoked command in '/home/shrey/arm_robot/build/arm_robot' returned '0': CMAKE_PREFIX_PATH=${CMAKE_PREFIX_PATH}:/opt/ros/humble /usr/bin/cmake --build /home/shrey/arm_robot/build/arm_robot -- -j12 -l12
[0.081s] Invoking command in '/home/shrey/arm_robot/build/arm_robot': CMAKE_PREFIX_PATH=${CMAKE_PREFIX_PATH}:/opt/ros/humble /usr/bin/cmake --install /home/shrey/arm_robot/build/arm_robot
[0.089s] -- Install configuration: ""
[0.089s] -- Execute custom install script
[0.090s] -- Up-to-date symlink: /home/shrey/arm_robot/install/arm_robot/share/arm_robot/launch/control.launch.py
[0.090s] -- Up-to-date symlink: /home/shrey/arm_robot/install/arm_robot/share/arm_robot/launch/launch_sim.launch.py
[0.090s] -- Up-to-date symlink: /home/shrey/arm_robot/install/arm_robot/share/arm_robot/launch/rsp.launch.py
[0.090s] -- Up-to-date symlink: /home/shrey/arm_robot/install/arm_robot/share/arm_robot/launch/rviz.launch.py
[0.090s] -- Up-to-date symlink: /home/shrey/arm_robot/install/arm_robot/share/arm_robot/description/gazebo_control.xacro
[0.090s] -- Up-to-date symlink: /home/shrey/arm_robot/install/arm_robot/share/arm_robot/description/inertial_macros.xacro
[0.091s] -- Up-to-date symlink: /home/shrey/arm_robot/install/arm_robot/share/arm_robot/description/robot.urdf.xacro
[0.091s] -- Up-to-date symlink: /home/shrey/arm_robot/install/arm_robot/share/arm_robot/description/robot_core_lr.xacro
[0.091s] -- Up-to-date symlink: /home/shrey/arm_robot/install/arm_robot/share/arm_robot/config/controller_position.yaml
[0.092s] -- Up-to-date symlink: /home/shrey/arm_robot/install/arm_robot/share/arm_robot/rviz/default.rviz
[0.092s] -- Up-to-date symlink: /home/shrey/arm_robot/install/arm_robot/lib/arm_robot/control.py
[0.092s] -- Up-to-date symlink: /home/shrey/arm_robot/install/arm_robot/share/ament_index/resource_index/package_run_dependencies/arm_robot
[0.092s] -- Up-to-date symlink: /home/shrey/arm_robot/install/arm_robot/share/ament_index/resource_index/parent_prefix_path/arm_robot
[0.092s] -- Up-to-date symlink: /home/shrey/arm_robot/install/arm_robot/share/arm_robot/environment/ament_prefix_path.sh
[0.093s] -- Up-to-date symlink: /home/shrey/arm_robot/install/arm_robot/share/arm_robot/environment/ament_prefix_path.dsv
[0.093s] -- Up-to-date symlink: /home/shrey/arm_robot/install/arm_robot/share/arm_robot/environment/path.sh
[0.093s] -- Up-to-date symlink: /home/shrey/arm_robot/install/arm_robot/share/arm_robot/environment/path.dsv
[0.093s] -- Up-to-date symlink: /home/shrey/arm_robot/install/arm_robot/share/arm_robot/local_setup.bash
[0.093s] -- Up-to-date symlink: /home/shrey/arm_robot/install/arm_robot/share/arm_robot/local_setup.sh
[0.094s] -- Up-to-date symlink: /home/shrey/arm_robot/install/arm_robot/share/arm_robot/local_setup.zsh
[0.094s] -- Up-to-date symlink: /home/shrey/arm_robot/install/arm_robot/share/arm_robot/local_setup.dsv
[0.094s] -- Symlinking: /home/shrey/arm_robot/install/arm_robot/share/arm_robot/package.dsv
[0.104s] -- Up-to-date symlink: /home/shrey/arm_robot/install/arm_robot/share/ament_index/resource_index/packages/arm_robot
[0.104s] -- Up-to-date symlink: /home/shrey/arm_robot/install/arm_robot/share/arm_robot/cmake/arm_robotConfig.cmake
[0.105s] -- Up-to-date symlink: /home/shrey/arm_robot/install/arm_robot/share/arm_robot/cmake/arm_robotConfig-version.cmake
[0.105s] -- Up-to-date symlink: /home/shrey/arm_robot/install/arm_robot/share/arm_robot/package.xml
[0.107s] Invoked command in '/home/shrey/arm_robot/build/arm_robot' returned '0': CMAKE_PREFIX_PATH=${CMAKE_PREFIX_PATH}:/opt/ros/humble /usr/bin/cmake --install /home/shrey/arm_robot/build/arm_robot
