[0.277s] DEBUG:colcon:Command line arguments: ['/usr/bin/colcon', 'build', '--symlink-install']
[0.277s] DEBUG:colcon:Parsed command line arguments: Namespace(log_base=None, log_level=None, verb_name='build', build_base='build', install_base='install', merge_install=False, symlink_install=True, test_result_base=None, continue_on_error=False, executor='parallel', parallel_workers=12, event_handlers=None, ignore_user_meta=False, metas=['./colcon.meta'], base_paths=['.'], packages_ignore=None, packages_ignore_regex=None, paths=None, packages_up_to=None, packages_up_to_regex=None, packages_above=None, packages_above_and_dependencies=None, packages_above_depth=None, packages_select_by_dep=None, packages_skip_by_dep=None, packages_skip_up_to=None, packages_select_build_failed=False, packages_skip_build_finished=False, packages_select_test_failures=False, packages_skip_test_passed=False, packages_select=None, packages_skip=None, packages_select_regex=None, packages_skip_regex=None, packages_start=None, packages_end=None, allow_overriding=[], cmake_args=None, cmake_target=None, cmake_target_skip_unavailable=False, cmake_clean_cache=False, cmake_clean_first=False, cmake_force_configure=False, ament_cmake_args=None, catkin_cmake_args=None, catkin_skip_building_tests=False, verb_parser=<colcon_defaults.argument_parser.defaults.DefaultArgumentsDecorator object at 0x7fa7be957f10>, verb_extension=<colcon_core.verb.build.BuildVerb object at 0x7fa7be956e60>, main=<bound method BuildVerb.main of <colcon_core.verb.build.BuildVerb object at 0x7fa7be956e60>>)
[0.332s] Level 1:colcon.colcon_core.package_discovery:discover_packages(colcon_meta) check parameters
[0.332s] Level 1:colcon.colcon_core.package_discovery:discover_packages(recursive) check parameters
[0.332s] Level 1:colcon.colcon_core.package_discovery:discover_packages(ignore) check parameters
[0.332s] Level 1:colcon.colcon_core.package_discovery:discover_packages(path) check parameters
[0.332s] Level 1:colcon.colcon_core.package_discovery:discover_packages(colcon_meta) discover
[0.332s] Level 1:colcon.colcon_core.package_discovery:discover_packages(recursive) discover
[0.333s] INFO:colcon.colcon_core.package_discovery:Crawling recursively for packages in '/home/shrey/arm_robot'
[0.333s] Level 1:colcon.colcon_core.package_identification:_identify(.) by extensions ['ignore', 'ignore_ament_install']
[0.333s] Level 1:colcon.colcon_core.package_identification:_identify(.) by extension 'ignore'
[0.333s] Level 1:colcon.colcon_core.package_identification:_identify(.) by extension 'ignore_ament_install'
[0.333s] Level 1:colcon.colcon_core.package_identification:_identify(.) by extensions ['colcon_pkg']
[0.333s] Level 1:colcon.colcon_core.package_identification:_identify(.) by extension 'colcon_pkg'
[0.333s] Level 1:colcon.colcon_core.package_identification:_identify(.) by extensions ['colcon_meta']
[0.333s] Level 1:colcon.colcon_core.package_identification:_identify(.) by extension 'colcon_meta'
[0.333s] Level 1:colcon.colcon_core.package_identification:_identify(.) by extensions ['ros']
[0.333s] Level 1:colcon.colcon_core.package_identification:_identify(.) by extension 'ros'
[0.339s] DEBUG:colcon.colcon_core.package_identification:Package '.' with type 'ros.ament_cmake' and name 'arm_robot'
[0.339s] Level 1:colcon.colcon_core.package_discovery:discover_packages(recursive) using defaults
[0.339s] Level 1:colcon.colcon_core.package_discovery:discover_packages(ignore) discover
[0.339s] Level 1:colcon.colcon_core.package_discovery:discover_packages(ignore) using defaults
[0.339s] Level 1:colcon.colcon_core.package_discovery:discover_packages(path) discover
[0.339s] Level 1:colcon.colcon_core.package_discovery:discover_packages(path) using defaults
[0.360s] Level 1:colcon.colcon_core.package_discovery:discover_packages(prefix_path) check parameters
[0.360s] Level 1:colcon.colcon_core.package_discovery:discover_packages(prefix_path) discover
[0.362s] DEBUG:colcon.colcon_installed_package_information.package_discovery:Found 1 installed packages in /home/shrey/arm_robot/install
[0.363s] DEBUG:colcon.colcon_installed_package_information.package_discovery:Found 3 installed packages in /home/shrey/ros2_ws/install
[0.364s] DEBUG:colcon.colcon_installed_package_information.package_discovery:Found 341 installed packages in /opt/ros/humble
[0.366s] Level 1:colcon.colcon_core.package_discovery:discover_packages(prefix_path) using defaults
[0.411s] Level 5:colcon.colcon_core.verb:set package 'arm_robot' build argument 'cmake_args' from command line to 'None'
[0.411s] Level 5:colcon.colcon_core.verb:set package 'arm_robot' build argument 'cmake_target' from command line to 'None'
[0.411s] Level 5:colcon.colcon_core.verb:set package 'arm_robot' build argument 'cmake_target_skip_unavailable' from command line to 'False'
[0.411s] Level 5:colcon.colcon_core.verb:set package 'arm_robot' build argument 'cmake_clean_cache' from command line to 'False'
[0.411s] Level 5:colcon.colcon_core.verb:set package 'arm_robot' build argument 'cmake_clean_first' from command line to 'False'
[0.411s] Level 5:colcon.colcon_core.verb:set package 'arm_robot' build argument 'cmake_force_configure' from command line to 'False'
[0.411s] Level 5:colcon.colcon_core.verb:set package 'arm_robot' build argument 'ament_cmake_args' from command line to 'None'
[0.411s] Level 5:colcon.colcon_core.verb:set package 'arm_robot' build argument 'catkin_cmake_args' from command line to 'None'
[0.411s] Level 5:colcon.colcon_core.verb:set package 'arm_robot' build argument 'catkin_skip_building_tests' from command line to 'False'
[0.411s] DEBUG:colcon.colcon_core.verb:Building package 'arm_robot' with the following arguments: {'ament_cmake_args': None, 'build_base': '/home/shrey/arm_robot/build/arm_robot', 'catkin_cmake_args': None, 'catkin_skip_building_tests': False, 'cmake_args': None, 'cmake_clean_cache': False, 'cmake_clean_first': False, 'cmake_force_configure': False, 'cmake_target': None, 'cmake_target_skip_unavailable': False, 'install_base': '/home/shrey/arm_robot/install/arm_robot', 'merge_install': False, 'path': '/home/shrey/arm_robot', 'symlink_install': True, 'test_result_base': None}
[0.412s] INFO:colcon.colcon_core.executor:Executing jobs using 'parallel' executor
[0.413s] DEBUG:colcon.colcon_parallel_executor.executor.parallel:run_until_complete
[0.413s] INFO:colcon.colcon_ros.task.ament_cmake.build:Building ROS package in '/home/shrey/arm_robot' with build type 'ament_cmake'
[0.414s] INFO:colcon.colcon_cmake.task.cmake.build:Building CMake package in '/home/shrey/arm_robot'
[0.418s] INFO:colcon.colcon_core.plugin_system:Skipping extension 'colcon_core.shell.bat': Not used on non-Windows systems
[0.418s] INFO:colcon.colcon_core.shell:Skip shell extension 'powershell' for command environment: Not usable outside of PowerShell
[0.418s] DEBUG:colcon.colcon_core.shell:Skip shell extension 'dsv' for command environment
[0.434s] DEBUG:colcon.colcon_core.event_handler.log_command:Invoking command in '/home/shrey/arm_robot/build/arm_robot': CMAKE_PREFIX_PATH=${CMAKE_PREFIX_PATH}:/opt/ros/humble /usr/bin/cmake --build /home/shrey/arm_robot/build/arm_robot -- -j12 -l12
[0.485s] DEBUG:colcon.colcon_core.event_handler.log_command:Invoked command in '/home/shrey/arm_robot/build/arm_robot' returned '0': CMAKE_PREFIX_PATH=${CMAKE_PREFIX_PATH}:/opt/ros/humble /usr/bin/cmake --build /home/shrey/arm_robot/build/arm_robot -- -j12 -l12
[0.496s] DEBUG:colcon.colcon_core.event_handler.log_command:Invoking command in '/home/shrey/arm_robot/build/arm_robot': CMAKE_PREFIX_PATH=${CMAKE_PREFIX_PATH}:/opt/ros/humble /usr/bin/cmake --install /home/shrey/arm_robot/build/arm_robot
[0.522s] Level 1:colcon.colcon_core.environment:create_environment_scripts_only(arm_robot)
[0.522s] DEBUG:colcon.colcon_core.event_handler.log_command:Invoked command in '/home/shrey/arm_robot/build/arm_robot' returned '0': CMAKE_PREFIX_PATH=${CMAKE_PREFIX_PATH}:/opt/ros/humble /usr/bin/cmake --install /home/shrey/arm_robot/build/arm_robot
[0.525s] Level 1:colcon.colcon_core.environment:checking '/home/shrey/arm_robot/install/arm_robot' for CMake module files
[0.526s] Level 1:colcon.colcon_core.environment:checking '/home/shrey/arm_robot/install/arm_robot' for CMake config files
[0.526s] Level 1:colcon.colcon_core.shell:create_environment_hook('arm_robot', 'cmake_prefix_path')
[0.526s] INFO:colcon.colcon_core.shell:Creating environment hook '/home/shrey/arm_robot/install/arm_robot/share/arm_robot/hook/cmake_prefix_path.ps1'
[0.527s] INFO:colcon.colcon_core.shell:Creating environment descriptor '/home/shrey/arm_robot/install/arm_robot/share/arm_robot/hook/cmake_prefix_path.dsv'
[0.527s] INFO:colcon.colcon_core.shell:Creating environment hook '/home/shrey/arm_robot/install/arm_robot/share/arm_robot/hook/cmake_prefix_path.sh'
[0.528s] Level 1:colcon.colcon_core.environment:checking '/home/shrey/arm_robot/install/arm_robot/lib'
[0.528s] Level 1:colcon.colcon_core.environment:checking '/home/shrey/arm_robot/install/arm_robot/bin'
[0.528s] Level 1:colcon.colcon_core.environment:checking '/home/shrey/arm_robot/install/arm_robot/lib/pkgconfig/arm_robot.pc'
[0.529s] Level 1:colcon.colcon_core.environment:checking '/home/shrey/arm_robot/install/arm_robot/lib/python3.10/site-packages'
[0.529s] Level 1:colcon.colcon_core.environment:checking '/home/shrey/arm_robot/install/arm_robot/bin'
[0.529s] INFO:colcon.colcon_core.shell:Creating package script '/home/shrey/arm_robot/install/arm_robot/share/arm_robot/package.ps1'
[0.531s] INFO:colcon.colcon_core.shell:Creating package descriptor '/home/shrey/arm_robot/install/arm_robot/share/arm_robot/package.dsv'
[0.532s] INFO:colcon.colcon_core.shell:Creating package script '/home/shrey/arm_robot/install/arm_robot/share/arm_robot/package.sh'
[0.533s] INFO:colcon.colcon_core.shell:Creating package script '/home/shrey/arm_robot/install/arm_robot/share/arm_robot/package.bash'
[0.535s] INFO:colcon.colcon_core.shell:Creating package script '/home/shrey/arm_robot/install/arm_robot/share/arm_robot/package.zsh'
[0.536s] Level 1:colcon.colcon_core.environment:create_file_with_runtime_dependencies(/home/shrey/arm_robot/install/arm_robot/share/colcon-core/packages/arm_robot)
[0.537s] Level 1:colcon.colcon_core.environment:create_environment_scripts_only(arm_robot)
[0.537s] Level 1:colcon.colcon_core.environment:checking '/home/shrey/arm_robot/install/arm_robot' for CMake module files
[0.537s] Level 1:colcon.colcon_core.environment:checking '/home/shrey/arm_robot/install/arm_robot' for CMake config files
[0.538s] Level 1:colcon.colcon_core.shell:create_environment_hook('arm_robot', 'cmake_prefix_path')
[0.538s] INFO:colcon.colcon_core.shell:Creating environment hook '/home/shrey/arm_robot/install/arm_robot/share/arm_robot/hook/cmake_prefix_path.ps1'
[0.538s] INFO:colcon.colcon_core.shell:Creating environment descriptor '/home/shrey/arm_robot/install/arm_robot/share/arm_robot/hook/cmake_prefix_path.dsv'
[0.539s] INFO:colcon.colcon_core.shell:Creating environment hook '/home/shrey/arm_robot/install/arm_robot/share/arm_robot/hook/cmake_prefix_path.sh'
[0.539s] Level 1:colcon.colcon_core.environment:checking '/home/shrey/arm_robot/install/arm_robot/lib'
[0.539s] Level 1:colcon.colcon_core.environment:checking '/home/shrey/arm_robot/install/arm_robot/bin'
[0.539s] Level 1:colcon.colcon_core.environment:checking '/home/shrey/arm_robot/install/arm_robot/lib/pkgconfig/arm_robot.pc'
[0.540s] Level 1:colcon.colcon_core.environment:checking '/home/shrey/arm_robot/install/arm_robot/lib/python3.10/site-packages'
[0.540s] Level 1:colcon.colcon_core.environment:checking '/home/shrey/arm_robot/install/arm_robot/bin'
[0.540s] INFO:colcon.colcon_core.shell:Creating package script '/home/shrey/arm_robot/install/arm_robot/share/arm_robot/package.ps1'
[0.541s] INFO:colcon.colcon_core.shell:Creating package descriptor '/home/shrey/arm_robot/install/arm_robot/share/arm_robot/package.dsv'
[0.541s] INFO:colcon.colcon_core.shell:Creating package script '/home/shrey/arm_robot/install/arm_robot/share/arm_robot/package.sh'
[0.541s] INFO:colcon.colcon_core.shell:Creating package script '/home/shrey/arm_robot/install/arm_robot/share/arm_robot/package.bash'
[0.542s] INFO:colcon.colcon_core.shell:Creating package script '/home/shrey/arm_robot/install/arm_robot/share/arm_robot/package.zsh'
[0.542s] Level 1:colcon.colcon_core.environment:create_file_with_runtime_dependencies(/home/shrey/arm_robot/install/arm_robot/share/colcon-core/packages/arm_robot)
[0.544s] DEBUG:colcon.colcon_parallel_executor.executor.parallel:closing loop
[0.545s] DEBUG:colcon.colcon_parallel_executor.executor.parallel:loop closed
[0.545s] DEBUG:colcon.colcon_parallel_executor.executor.parallel:run_until_complete finished with '0'
[0.546s] DEBUG:colcon.colcon_core.event_reactor:joining thread
[0.638s] INFO:colcon.colcon_core.plugin_system:Skipping extension 'colcon_notification.desktop_notification.notify_send': Could not find 'notify-send'
[0.638s] INFO:colcon.colcon_core.plugin_system:Skipping extension 'colcon_notification.desktop_notification.terminal_notifier': Not used on non-Darwin systems
[0.638s] INFO:colcon.colcon_core.plugin_system:Skipping extension 'colcon_notification.desktop_notification.win32': Not used on non-Windows systems
[0.638s] INFO:colcon.colcon_notification.desktop_notification:Sending desktop notification using 'notify2'
[0.641s] DEBUG:colcon.colcon_notification.desktop_notification.notify2:Failed to initialize notify2: org.freedesktop.DBus.Error.ServiceUnknown: The name org.freedesktop.Notifications was not provided by any .service files
[0.642s] DEBUG:colcon.colcon_core.event_reactor:joined thread
[0.642s] INFO:colcon.colcon_core.shell:Creating prefix script '/home/shrey/arm_robot/install/local_setup.ps1'
[0.645s] INFO:colcon.colcon_core.shell:Creating prefix util module '/home/shrey/arm_robot/install/_local_setup_util_ps1.py'
[0.647s] INFO:colcon.colcon_core.shell:Creating prefix chain script '/home/shrey/arm_robot/install/setup.ps1'
[0.649s] INFO:colcon.colcon_core.shell:Creating prefix script '/home/shrey/arm_robot/install/local_setup.sh'
[0.650s] INFO:colcon.colcon_core.shell:Creating prefix util module '/home/shrey/arm_robot/install/_local_setup_util_sh.py'
[0.650s] INFO:colcon.colcon_core.shell:Creating prefix chain script '/home/shrey/arm_robot/install/setup.sh'
[0.652s] INFO:colcon.colcon_core.shell:Creating prefix script '/home/shrey/arm_robot/install/local_setup.bash'
[0.653s] INFO:colcon.colcon_core.shell:Creating prefix chain script '/home/shrey/arm_robot/install/setup.bash'
[0.655s] INFO:colcon.colcon_core.shell:Creating prefix script '/home/shrey/arm_robot/install/local_setup.zsh'
[0.656s] INFO:colcon.colcon_core.shell:Creating prefix chain script '/home/shrey/arm_robot/install/setup.zsh'
