[0.000000] (-) TimerEvent: {}
[0.002515] (arm_robot) JobQueued: {'identifier': 'arm_robot', 'dependencies': OrderedDict()}
[0.003027] (arm_robot) JobStarted: {'identifier': 'arm_robot'}
[0.066895] (arm_robot) JobProgress: {'identifier': 'arm_robot', 'progress': 'cmake'}
[0.077035] (arm_robot) Command: {'cmd': ['/usr/bin/cmake', '/home/shrey/arm_robot', '-DCMAKE_INSTALL_PREFIX=/home/shrey/arm_robot/install/arm_robot'], 'cwd': '/home/shrey/arm_robot/build/arm_robot', 'env': OrderedDict([('USER', 'shrey'), ('SHLVL', '1'), ('LIBGL_ALWAYS_SOFTWARE', '1'), ('LD_LIBRARY_PATH', '/usr/lib/x86_64-linux-gnu/gazebo-11/plugins:/opt/ros/humble/opt/rviz_ogre_vendor/lib:/opt/ros/humble/lib/x86_64-linux-gnu:/opt/ros/humble/lib:/usr/lib/x86_64-linux-gnu/gazebo-11/plugins::/usr/lib/x86_64-linux-gnu/gazebo-11:/usr/lib/x86_64-linux-gnu/gazebo-11/plugins:/usr/lib/x86_64-linux-gnu/gazebo-11/plugins:/usr/lib/x86_64-linux-gnu/gazebo-11/plugins'), ('HOME', '/home/shrey'), ('OLDPWD', '/home/shrey'), ('GAZEBO_MASTER_URI', 'http://localhost:11345'), ('ROS_PYTHON_VERSION', '3'), ('DBUS_SESSION_BUS_ADDRESS', 'unix:path=/run/user/1000/bus'), ('WSL_DISTRO_NAME', 'Ubuntu-22.04'), ('WAYLAND_DISPLAY', 'wayland-0'), ('COLCON_PREFIX_PATH', '/home/shrey/arm_robot/install:/home/shrey/ros2_ws/install'), ('ROS_DISTRO', 'humble'), ('LOGNAME', 'shrey'), ('NAME', 'LAPTOP-NF81MTHA'), ('WSL_INTEROP', '/run/WSL/39301_interop'), ('PULSE_SERVER', 'unix:/mnt/wslg/PulseServer'), ('_', '/usr/bin/colcon'), ('ROS_VERSION', '2'), ('TERM', 'xterm-256color'), ('GAZEBO_MODEL_PATH', '/usr/share/gazebo-11/models:/usr/share/gazebo-11/models'), ('ROS_LOCALHOST_ONLY', '0'), ('OGRE_RESOURCE_PATH', '/usr/lib/x86_64-linux-gnu/OGRE-1.9.0'), ('PATH', '/usr/bin:/opt/ros/humble/bin:/usr/local/sbin:/usr/local/bin:/usr/sbin:/usr/bin:/sbin:/bin:/usr/games:/usr/local/games:/usr/lib/wsl/lib:/mnt/c/Program Files/Common Files/Oracle/Java/javapath:/mnt/c/oraclexe/app/oracle/product/10.2.0/server/bin:/mnt/c/Python312/Scripts/:/mnt/c/Python312/:/mnt/c/Python311/Scripts/:/mnt/c/Python311/:/mnt/c/WINDOWS/system32:/mnt/c/WINDOWS:/mnt/c/WINDOWS/System32/Wbem:/mnt/c/WINDOWS/System32/WindowsPowerShell/v1.0/:/mnt/c/WINDOWS/System32/OpenSSH/:/mnt/c/Program Files (x86)/Microsoft SQL Server/160/Tools/Binn/:/mnt/c/Program Files/Microsoft SQL Server/160/Tools/Binn/:/mnt/c/Program Files/Microsoft SQL Server/Client SDK/ODBC/170/Tools/Binn/:/mnt/c/Program Files/Microsoft SQL Server/160/DTS/Binn/:/mnt/c/ProgramData/chocolatey/bin:/mnt/c/Program Files/nodejs/:/mnt/c/Program Files/nodejs:/mnt/c/Program Files/Docker/Docker/resources/bin:/mnt/c/Users/shrey/Documents/A13/apache-maven-3.9.9-bin/apache-maven-3.9.9/bin:/mnt/c/Program Files/Java/jdk-21/bin:/mnt/c/apache-maven-3.9.9/bin:/mnt/c/Users/shrey/AppData/Local/Microsoft/WindowsApps:/mnt/c/Users/shrey/AppData/Local/Programs/Microsoft VS Code/bin:/mnt/c/Program Files (x86)/MinGW/bin:/mnt/c/Users/shrey/Documents/mongosh-1.10.5-win32-x64/mongosh-1.10.5-win32-x64/bin:/mnt/c/Users/shrey/AppData/Roaming/npm:/mnt/c/Program Files/Git/bin:/mnt/c/Program Files/JetBrains/PyCharm 2023.3.3/bin:/mnt/c/Program Files/JetBrains/PyCharm Community Edition 2023.3.3/bin:/mnt/c/Program Files/JetBrains/IntelliJ IDEA Community Edition 2023.3.4/bin:/snap/bin:/usr/bin:/usr/lib/x86_64-linux-gnu/gazebo-11'), ('XDG_RUNTIME_DIR', '/run/user/1000/'), ('DISPLAY', ':0'), ('LANG', 'en_US.UTF-8'), ('AMENT_PREFIX_PATH', '/home/shrey/arm_robot/install/arm_robot:/home/shrey/ros2_ws/install/arm_gazebo:/home/shrey/ros2_ws/install/arm_description:/home/shrey/ros2_ws/install/arm_controller:/opt/ros/humble'), ('SHELL', '/bin/bash'), ('GAZEBO_RESOURCE_PATH', '/usr/share/gazebo-11:/usr/share/gazebo-11'), ('GAZEBO_MODEL_DATABASE_URI', 'http://models.gazebosim.org'), ('PWD', '/home/shrey/arm_robot/build/arm_robot'), ('GAZEBO_PLUGIN_PATH', '/usr/lib/x86_64-linux-gnu/gazebo-11/plugins:/usr/lib/x86_64-linux-gnu/gazebo-11/plugins:/usr/lib/x86_64-linux-gnu/gazebo-11/plugins'), ('XDG_DATA_DIRS', '/usr/local/share:/usr/share:/var/lib/snapd/desktop'), ('PYTHONPATH', '/opt/ros/humble/lib/python3.10/site-packages:/opt/ros/humble/local/lib/python3.10/dist-packages'), ('COLCON', '1'), ('WSL2_GUI_APPS_ENABLED', '1'), ('HOSTTYPE', 'x86_64'), ('CMAKE_PREFIX_PATH', '/home/shrey/arm_robot/install/arm_robot:/home/shrey/ros2_ws/install/arm_gazebo:/home/shrey/ros2_ws/install/arm_description:/home/shrey/ros2_ws/install/arm_controller:/opt/ros/humble'), ('WSLENV', '')]), 'shell': False}
[0.098807] (-) TimerEvent: {}
[0.199532] (-) TimerEvent: {}
[0.253960] (arm_robot) StdoutLine: {'line': b'-- Found ament_cmake: 1.3.11 (/opt/ros/humble/share/ament_cmake/cmake)\n'}
[0.300097] (-) TimerEvent: {}
[0.401127] (-) TimerEvent: {}
[0.502364] (-) TimerEvent: {}
[0.603258] (-) TimerEvent: {}
[0.704408] (-) TimerEvent: {}
[0.748980] (arm_robot) StdoutLine: {'line': b'-- Override CMake install command with custom implementation using symlinks instead of copying resources\n'}
[0.804542] (-) TimerEvent: {}
[0.810059] (arm_robot) StdoutLine: {'line': b'-- Found ament_lint_auto: 0.12.11 (/opt/ros/humble/share/ament_lint_auto/cmake)\n'}
[0.904865] (-) TimerEvent: {}
[1.005521] (-) TimerEvent: {}
[1.106384] (-) TimerEvent: {}
[1.160752] (arm_robot) StdoutLine: {'line': b"-- Added test 'cppcheck' to perform static code analysis on C / C++ code\n"}
[1.161641] (arm_robot) StdoutLine: {'line': b'-- Configured cppcheck include dirs: \n'}
[1.162422] (arm_robot) StdoutLine: {'line': b'-- Configured cppcheck exclude dirs and/or files: \n'}
[1.170298] (arm_robot) StdoutLine: {'line': b"-- Added test 'flake8' to check Python code syntax and style conventions\n"}
[1.181856] (arm_robot) StdoutLine: {'line': b"-- Added test 'lint_cmake' to check CMake code style\n"}
[1.188729] (arm_robot) StdoutLine: {'line': b"-- Added test 'pep257' to check Python code against some of the docstring style conventions in PEP 257\n"}
[1.206596] (-) TimerEvent: {}
[1.231116] (arm_robot) StdoutLine: {'line': b"-- Added test 'uncrustify' to check C / C++ code style\n"}
[1.231836] (arm_robot) StdoutLine: {'line': b'-- Configured uncrustify additional arguments: \n'}
[1.237215] (arm_robot) StdoutLine: {'line': b"-- Added test 'xmllint' to check XML markup files\n"}
[1.247588] (arm_robot) StdoutLine: {'line': b'-- Configuring done\n'}
[1.281715] (arm_robot) StdoutLine: {'line': b'-- Generating done\n'}
[1.295423] (arm_robot) StdoutLine: {'line': b'-- Build files have been written to: /home/shrey/arm_robot/build/arm_robot\n'}
[1.306803] (-) TimerEvent: {}
[1.310948] (arm_robot) CommandEnded: {'returncode': 0}
[1.312851] (arm_robot) JobProgress: {'identifier': 'arm_robot', 'progress': 'build'}
[1.315361] (arm_robot) Command: {'cmd': ['/usr/bin/cmake', '--build', '/home/shrey/arm_robot/build/arm_robot', '--', '-j12', '-l12'], 'cwd': '/home/shrey/arm_robot/build/arm_robot', 'env': OrderedDict([('USER', 'shrey'), ('SHLVL', '1'), ('LIBGL_ALWAYS_SOFTWARE', '1'), ('LD_LIBRARY_PATH', '/usr/lib/x86_64-linux-gnu/gazebo-11/plugins:/opt/ros/humble/opt/rviz_ogre_vendor/lib:/opt/ros/humble/lib/x86_64-linux-gnu:/opt/ros/humble/lib:/usr/lib/x86_64-linux-gnu/gazebo-11/plugins::/usr/lib/x86_64-linux-gnu/gazebo-11:/usr/lib/x86_64-linux-gnu/gazebo-11/plugins:/usr/lib/x86_64-linux-gnu/gazebo-11/plugins:/usr/lib/x86_64-linux-gnu/gazebo-11/plugins'), ('HOME', '/home/shrey'), ('OLDPWD', '/home/shrey'), ('GAZEBO_MASTER_URI', 'http://localhost:11345'), ('ROS_PYTHON_VERSION', '3'), ('DBUS_SESSION_BUS_ADDRESS', 'unix:path=/run/user/1000/bus'), ('WSL_DISTRO_NAME', 'Ubuntu-22.04'), ('WAYLAND_DISPLAY', 'wayland-0'), ('COLCON_PREFIX_PATH', '/home/shrey/arm_robot/install:/home/shrey/ros2_ws/install'), ('ROS_DISTRO', 'humble'), ('LOGNAME', 'shrey'), ('NAME', 'LAPTOP-NF81MTHA'), ('WSL_INTEROP', '/run/WSL/39301_interop'), ('PULSE_SERVER', 'unix:/mnt/wslg/PulseServer'), ('_', '/usr/bin/colcon'), ('ROS_VERSION', '2'), ('TERM', 'xterm-256color'), ('GAZEBO_MODEL_PATH', '/usr/share/gazebo-11/models:/usr/share/gazebo-11/models'), ('ROS_LOCALHOST_ONLY', '0'), ('OGRE_RESOURCE_PATH', '/usr/lib/x86_64-linux-gnu/OGRE-1.9.0'), ('PATH', '/usr/bin:/opt/ros/humble/bin:/usr/local/sbin:/usr/local/bin:/usr/sbin:/usr/bin:/sbin:/bin:/usr/games:/usr/local/games:/usr/lib/wsl/lib:/mnt/c/Program Files/Common Files/Oracle/Java/javapath:/mnt/c/oraclexe/app/oracle/product/10.2.0/server/bin:/mnt/c/Python312/Scripts/:/mnt/c/Python312/:/mnt/c/Python311/Scripts/:/mnt/c/Python311/:/mnt/c/WINDOWS/system32:/mnt/c/WINDOWS:/mnt/c/WINDOWS/System32/Wbem:/mnt/c/WINDOWS/System32/WindowsPowerShell/v1.0/:/mnt/c/WINDOWS/System32/OpenSSH/:/mnt/c/Program Files (x86)/Microsoft SQL Server/160/Tools/Binn/:/mnt/c/Program Files/Microsoft SQL Server/160/Tools/Binn/:/mnt/c/Program Files/Microsoft SQL Server/Client SDK/ODBC/170/Tools/Binn/:/mnt/c/Program Files/Microsoft SQL Server/160/DTS/Binn/:/mnt/c/ProgramData/chocolatey/bin:/mnt/c/Program Files/nodejs/:/mnt/c/Program Files/nodejs:/mnt/c/Program Files/Docker/Docker/resources/bin:/mnt/c/Users/shrey/Documents/A13/apache-maven-3.9.9-bin/apache-maven-3.9.9/bin:/mnt/c/Program Files/Java/jdk-21/bin:/mnt/c/apache-maven-3.9.9/bin:/mnt/c/Users/shrey/AppData/Local/Microsoft/WindowsApps:/mnt/c/Users/shrey/AppData/Local/Programs/Microsoft VS Code/bin:/mnt/c/Program Files (x86)/MinGW/bin:/mnt/c/Users/shrey/Documents/mongosh-1.10.5-win32-x64/mongosh-1.10.5-win32-x64/bin:/mnt/c/Users/shrey/AppData/Roaming/npm:/mnt/c/Program Files/Git/bin:/mnt/c/Program Files/JetBrains/PyCharm 2023.3.3/bin:/mnt/c/Program Files/JetBrains/PyCharm Community Edition 2023.3.3/bin:/mnt/c/Program Files/JetBrains/IntelliJ IDEA Community Edition 2023.3.4/bin:/snap/bin:/usr/bin:/usr/lib/x86_64-linux-gnu/gazebo-11'), ('XDG_RUNTIME_DIR', '/run/user/1000/'), ('DISPLAY', ':0'), ('LANG', 'en_US.UTF-8'), ('AMENT_PREFIX_PATH', '/home/shrey/arm_robot/install/arm_robot:/home/shrey/ros2_ws/install/arm_gazebo:/home/shrey/ros2_ws/install/arm_description:/home/shrey/ros2_ws/install/arm_controller:/opt/ros/humble'), ('SHELL', '/bin/bash'), ('GAZEBO_RESOURCE_PATH', '/usr/share/gazebo-11:/usr/share/gazebo-11'), ('GAZEBO_MODEL_DATABASE_URI', 'http://models.gazebosim.org'), ('PWD', '/home/shrey/arm_robot/build/arm_robot'), ('GAZEBO_PLUGIN_PATH', '/usr/lib/x86_64-linux-gnu/gazebo-11/plugins:/usr/lib/x86_64-linux-gnu/gazebo-11/plugins:/usr/lib/x86_64-linux-gnu/gazebo-11/plugins'), ('XDG_DATA_DIRS', '/usr/local/share:/usr/share:/var/lib/snapd/desktop'), ('PYTHONPATH', '/opt/ros/humble/lib/python3.10/site-packages:/opt/ros/humble/local/lib/python3.10/dist-packages'), ('COLCON', '1'), ('WSL2_GUI_APPS_ENABLED', '1'), ('HOSTTYPE', 'x86_64'), ('CMAKE_PREFIX_PATH', '/home/shrey/arm_robot/install/arm_robot:/home/shrey/ros2_ws/install/arm_gazebo:/home/shrey/ros2_ws/install/arm_description:/home/shrey/ros2_ws/install/arm_controller:/opt/ros/humble'), ('WSLENV', '')]), 'shell': False}
[1.407090] (-) TimerEvent: {}
[1.457284] (arm_robot) CommandEnded: {'returncode': 0}
[1.458496] (arm_robot) JobProgress: {'identifier': 'arm_robot', 'progress': 'install'}
[1.495029] (arm_robot) Command: {'cmd': ['/usr/bin/cmake', '--install', '/home/shrey/arm_robot/build/arm_robot'], 'cwd': '/home/shrey/arm_robot/build/arm_robot', 'env': OrderedDict([('USER', 'shrey'), ('SHLVL', '1'), ('LIBGL_ALWAYS_SOFTWARE', '1'), ('LD_LIBRARY_PATH', '/usr/lib/x86_64-linux-gnu/gazebo-11/plugins:/opt/ros/humble/opt/rviz_ogre_vendor/lib:/opt/ros/humble/lib/x86_64-linux-gnu:/opt/ros/humble/lib:/usr/lib/x86_64-linux-gnu/gazebo-11/plugins::/usr/lib/x86_64-linux-gnu/gazebo-11:/usr/lib/x86_64-linux-gnu/gazebo-11/plugins:/usr/lib/x86_64-linux-gnu/gazebo-11/plugins:/usr/lib/x86_64-linux-gnu/gazebo-11/plugins'), ('HOME', '/home/shrey'), ('OLDPWD', '/home/shrey'), ('GAZEBO_MASTER_URI', 'http://localhost:11345'), ('ROS_PYTHON_VERSION', '3'), ('DBUS_SESSION_BUS_ADDRESS', 'unix:path=/run/user/1000/bus'), ('WSL_DISTRO_NAME', 'Ubuntu-22.04'), ('WAYLAND_DISPLAY', 'wayland-0'), ('COLCON_PREFIX_PATH', '/home/shrey/arm_robot/install:/home/shrey/ros2_ws/install'), ('ROS_DISTRO', 'humble'), ('LOGNAME', 'shrey'), ('NAME', 'LAPTOP-NF81MTHA'), ('WSL_INTEROP', '/run/WSL/39301_interop'), ('PULSE_SERVER', 'unix:/mnt/wslg/PulseServer'), ('_', '/usr/bin/colcon'), ('ROS_VERSION', '2'), ('TERM', 'xterm-256color'), ('GAZEBO_MODEL_PATH', '/usr/share/gazebo-11/models:/usr/share/gazebo-11/models'), ('ROS_LOCALHOST_ONLY', '0'), ('OGRE_RESOURCE_PATH', '/usr/lib/x86_64-linux-gnu/OGRE-1.9.0'), ('PATH', '/usr/bin:/opt/ros/humble/bin:/usr/local/sbin:/usr/local/bin:/usr/sbin:/usr/bin:/sbin:/bin:/usr/games:/usr/local/games:/usr/lib/wsl/lib:/mnt/c/Program Files/Common Files/Oracle/Java/javapath:/mnt/c/oraclexe/app/oracle/product/10.2.0/server/bin:/mnt/c/Python312/Scripts/:/mnt/c/Python312/:/mnt/c/Python311/Scripts/:/mnt/c/Python311/:/mnt/c/WINDOWS/system32:/mnt/c/WINDOWS:/mnt/c/WINDOWS/System32/Wbem:/mnt/c/WINDOWS/System32/WindowsPowerShell/v1.0/:/mnt/c/WINDOWS/System32/OpenSSH/:/mnt/c/Program Files (x86)/Microsoft SQL Server/160/Tools/Binn/:/mnt/c/Program Files/Microsoft SQL Server/160/Tools/Binn/:/mnt/c/Program Files/Microsoft SQL Server/Client SDK/ODBC/170/Tools/Binn/:/mnt/c/Program Files/Microsoft SQL Server/160/DTS/Binn/:/mnt/c/ProgramData/chocolatey/bin:/mnt/c/Program Files/nodejs/:/mnt/c/Program Files/nodejs:/mnt/c/Program Files/Docker/Docker/resources/bin:/mnt/c/Users/shrey/Documents/A13/apache-maven-3.9.9-bin/apache-maven-3.9.9/bin:/mnt/c/Program Files/Java/jdk-21/bin:/mnt/c/apache-maven-3.9.9/bin:/mnt/c/Users/shrey/AppData/Local/Microsoft/WindowsApps:/mnt/c/Users/shrey/AppData/Local/Programs/Microsoft VS Code/bin:/mnt/c/Program Files (x86)/MinGW/bin:/mnt/c/Users/shrey/Documents/mongosh-1.10.5-win32-x64/mongosh-1.10.5-win32-x64/bin:/mnt/c/Users/shrey/AppData/Roaming/npm:/mnt/c/Program Files/Git/bin:/mnt/c/Program Files/JetBrains/PyCharm 2023.3.3/bin:/mnt/c/Program Files/JetBrains/PyCharm Community Edition 2023.3.3/bin:/mnt/c/Program Files/JetBrains/IntelliJ IDEA Community Edition 2023.3.4/bin:/snap/bin:/usr/bin:/usr/lib/x86_64-linux-gnu/gazebo-11'), ('XDG_RUNTIME_DIR', '/run/user/1000/'), ('DISPLAY', ':0'), ('LANG', 'en_US.UTF-8'), ('AMENT_PREFIX_PATH', '/home/shrey/arm_robot/install/arm_robot:/home/shrey/ros2_ws/install/arm_gazebo:/home/shrey/ros2_ws/install/arm_description:/home/shrey/ros2_ws/install/arm_controller:/opt/ros/humble'), ('SHELL', '/bin/bash'), ('GAZEBO_RESOURCE_PATH', '/usr/share/gazebo-11:/usr/share/gazebo-11'), ('GAZEBO_MODEL_DATABASE_URI', 'http://models.gazebosim.org'), ('PWD', '/home/shrey/arm_robot/build/arm_robot'), ('GAZEBO_PLUGIN_PATH', '/usr/lib/x86_64-linux-gnu/gazebo-11/plugins:/usr/lib/x86_64-linux-gnu/gazebo-11/plugins:/usr/lib/x86_64-linux-gnu/gazebo-11/plugins'), ('XDG_DATA_DIRS', '/usr/local/share:/usr/share:/var/lib/snapd/desktop'), ('PYTHONPATH', '/opt/ros/humble/lib/python3.10/site-packages:/opt/ros/humble/local/lib/python3.10/dist-packages'), ('COLCON', '1'), ('WSL2_GUI_APPS_ENABLED', '1'), ('HOSTTYPE', 'x86_64'), ('CMAKE_PREFIX_PATH', '/home/shrey/arm_robot/install/arm_robot:/home/shrey/ros2_ws/install/arm_gazebo:/home/shrey/ros2_ws/install/arm_description:/home/shrey/ros2_ws/install/arm_controller:/opt/ros/humble'), ('WSLENV', '')]), 'shell': False}
[1.507334] (-) TimerEvent: {}
[1.518622] (arm_robot) StdoutLine: {'line': b'-- Install configuration: ""\n'}
[1.520238] (arm_robot) StdoutLine: {'line': b'-- Execute custom install script\n'}
[1.522688] (arm_robot) StdoutLine: {'line': b'-- Up-to-date symlink: /home/shrey/arm_robot/install/arm_robot/share/arm_robot/launch/control.launch.py\n'}
[1.523578] (arm_robot) StdoutLine: {'line': b'-- Up-to-date symlink: /home/shrey/arm_robot/install/arm_robot/share/arm_robot/launch/launch_sim.launch.py\n'}
[1.525264] (arm_robot) StdoutLine: {'line': b'-- Up-to-date symlink: /home/shrey/arm_robot/install/arm_robot/share/arm_robot/launch/rsp.launch.py\n'}
[1.525715] (arm_robot) StdoutLine: {'line': b'-- Up-to-date symlink: /home/shrey/arm_robot/install/arm_robot/share/arm_robot/launch/rviz.launch.py\n'}
[1.526539] (arm_robot) StdoutLine: {'line': b'-- Up-to-date symlink: /home/shrey/arm_robot/install/arm_robot/share/arm_robot/description/gazebo_control.xacro\n'}
[1.526990] (arm_robot) StdoutLine: {'line': b'-- Up-to-date symlink: /home/shrey/arm_robot/install/arm_robot/share/arm_robot/description/inertial_macros.xacro\n'}
[1.527632] (arm_robot) StdoutLine: {'line': b'-- Up-to-date symlink: /home/shrey/arm_robot/install/arm_robot/share/arm_robot/description/robot.urdf.xacro\n'}
[1.527918] (arm_robot) StdoutLine: {'line': b'-- Up-to-date symlink: /home/shrey/arm_robot/install/arm_robot/share/arm_robot/description/robot_core_lr.xacro\n'}
[1.528500] (arm_robot) StdoutLine: {'line': b'-- Up-to-date symlink: /home/shrey/arm_robot/install/arm_robot/share/arm_robot/config/controller_position.yaml\n'}
[1.529521] (arm_robot) StdoutLine: {'line': b'-- Up-to-date symlink: /home/shrey/arm_robot/install/arm_robot/share/arm_robot/rviz/default.rviz\n'}
[1.530018] (arm_robot) StdoutLine: {'line': b'-- Up-to-date symlink: /home/shrey/arm_robot/install/arm_robot/lib/arm_robot/control.py\n'}
[1.530923] (arm_robot) StdoutLine: {'line': b'-- Up-to-date symlink: /home/shrey/arm_robot/install/arm_robot/share/ament_index/resource_index/package_run_dependencies/arm_robot\n'}
[1.531260] (arm_robot) StdoutLine: {'line': b'-- Up-to-date symlink: /home/shrey/arm_robot/install/arm_robot/share/ament_index/resource_index/parent_prefix_path/arm_robot\n'}
[1.533971] (arm_robot) StdoutLine: {'line': b'-- Up-to-date symlink: /home/shrey/arm_robot/install/arm_robot/share/arm_robot/environment/ament_prefix_path.sh\n'}
[1.534530] (arm_robot) StdoutLine: {'line': b'-- Up-to-date symlink: /home/shrey/arm_robot/install/arm_robot/share/arm_robot/environment/ament_prefix_path.dsv\n'}
[1.534961] (arm_robot) StdoutLine: {'line': b'-- Up-to-date symlink: /home/shrey/arm_robot/install/arm_robot/share/arm_robot/environment/path.sh\n'}
[1.535185] (arm_robot) StdoutLine: {'line': b'-- Up-to-date symlink: /home/shrey/arm_robot/install/arm_robot/share/arm_robot/environment/path.dsv\n'}
[1.535355] (arm_robot) StdoutLine: {'line': b'-- Up-to-date symlink: /home/shrey/arm_robot/install/arm_robot/share/arm_robot/local_setup.bash\n'}
[1.535523] (arm_robot) StdoutLine: {'line': b'-- Up-to-date symlink: /home/shrey/arm_robot/install/arm_robot/share/arm_robot/local_setup.sh\n'}
[1.535734] (arm_robot) StdoutLine: {'line': b'-- Up-to-date symlink: /home/shrey/arm_robot/install/arm_robot/share/arm_robot/local_setup.zsh\n'}
[1.536040] (arm_robot) StdoutLine: {'line': b'-- Up-to-date symlink: /home/shrey/arm_robot/install/arm_robot/share/arm_robot/local_setup.dsv\n'}
[1.536228] (arm_robot) StdoutLine: {'line': b'-- Symlinking: /home/shrey/arm_robot/install/arm_robot/share/arm_robot/package.dsv\n'}
[1.569898] (arm_robot) StdoutLine: {'line': b'-- Up-to-date symlink: /home/shrey/arm_robot/install/arm_robot/share/ament_index/resource_index/packages/arm_robot\n'}
[1.570953] (arm_robot) StdoutLine: {'line': b'-- Up-to-date symlink: /home/shrey/arm_robot/install/arm_robot/share/arm_robot/cmake/arm_robotConfig.cmake\n'}
[1.571549] (arm_robot) StdoutLine: {'line': b'-- Up-to-date symlink: /home/shrey/arm_robot/install/arm_robot/share/arm_robot/cmake/arm_robotConfig-version.cmake\n'}
[1.572859] (arm_robot) StdoutLine: {'line': b'-- Up-to-date symlink: /home/shrey/arm_robot/install/arm_robot/share/arm_robot/package.xml\n'}
[1.576981] (arm_robot) CommandEnded: {'returncode': 0}
[1.610018] (-) TimerEvent: {}
[1.664164] (arm_robot) JobEnded: {'identifier': 'arm_robot', 'rc': 0}
[1.669464] (-) EventReactorShutdown: {}
