[0.856s] DEBUG:colcon:Command line arguments: ['/usr/bin/colcon', 'build']
[0.856s] DEBUG:colcon:Parsed command line arguments: Namespace(log_base=None, log_level=None, verb_name='build', build_base='build', install_base='install', merge_install=False, symlink_install=False, test_result_base=None, continue_on_error=False, executor='parallel', parallel_workers=12, event_handlers=None, ignore_user_meta=False, metas=['./colcon.meta'], base_paths=['.'], packages_ignore=None, packages_ignore_regex=None, paths=None, packages_up_to=None, packages_up_to_regex=None, packages_above=None, packages_above_and_dependencies=None, packages_above_depth=None, packages_select_by_dep=None, packages_skip_by_dep=None, packages_skip_up_to=None, packages_select_build_failed=False, packages_skip_build_finished=False, packages_select_test_failures=False, packages_skip_test_passed=False, packages_select=None, packages_skip=None, packages_select_regex=None, packages_skip_regex=None, packages_start=None, packages_end=None, allow_overriding=[], cmake_args=None, cmake_target=None, cmake_target_skip_unavailable=False, cmake_clean_cache=False, cmake_clean_first=False, cmake_force_configure=False, ament_cmake_args=None, catkin_cmake_args=None, catkin_skip_building_tests=False, verb_parser=<colcon_defaults.argument_parser.defaults.DefaultArgumentsDecorator object at 0x7f5273c3bf10>, verb_extension=<colcon_core.verb.build.BuildVerb object at 0x7f5273c3ae60>, main=<bound method BuildVerb.main of <colcon_core.verb.build.BuildVerb object at 0x7f5273c3ae60>>)
[1.132s] Level 1:colcon.colcon_core.package_discovery:discover_packages(colcon_meta) check parameters
[1.133s] Level 1:colcon.colcon_core.package_discovery:discover_packages(recursive) check parameters
[1.134s] Level 1:colcon.colcon_core.package_discovery:discover_packages(ignore) check parameters
[1.136s] Level 1:colcon.colcon_core.package_discovery:discover_packages(path) check parameters
[1.136s] Level 1:colcon.colcon_core.package_discovery:discover_packages(colcon_meta) discover
[1.136s] Level 1:colcon.colcon_core.package_discovery:discover_packages(recursive) discover
[1.136s] INFO:colcon.colcon_core.package_discovery:Crawling recursively for packages in '/home/shrey/arm_robot'
[1.137s] Level 1:colcon.colcon_core.package_identification:_identify(.) by extensions ['ignore', 'ignore_ament_install']
[1.137s] Level 1:colcon.colcon_core.package_identification:_identify(.) by extension 'ignore'
[1.138s] Level 1:colcon.colcon_core.package_identification:_identify(.) by extension 'ignore_ament_install'
[1.138s] Level 1:colcon.colcon_core.package_identification:_identify(.) by extensions ['colcon_pkg']
[1.138s] Level 1:colcon.colcon_core.package_identification:_identify(.) by extension 'colcon_pkg'
[1.139s] Level 1:colcon.colcon_core.package_identification:_identify(.) by extensions ['colcon_meta']
[1.139s] Level 1:colcon.colcon_core.package_identification:_identify(.) by extension 'colcon_meta'
[1.139s] Level 1:colcon.colcon_core.package_identification:_identify(.) by extensions ['ros']
[1.139s] Level 1:colcon.colcon_core.package_identification:_identify(.) by extension 'ros'
[1.157s] DEBUG:colcon.colcon_core.package_identification:Package '.' with type 'ros.ament_cmake' and name 'arm_robot'
[1.159s] Level 1:colcon.colcon_core.package_discovery:discover_packages(recursive) using defaults
[1.160s] Level 1:colcon.colcon_core.package_discovery:discover_packages(ignore) discover
[1.160s] Level 1:colcon.colcon_core.package_discovery:discover_packages(ignore) using defaults
[1.160s] Level 1:colcon.colcon_core.package_discovery:discover_packages(path) discover
[1.160s] Level 1:colcon.colcon_core.package_discovery:discover_packages(path) using defaults
[1.257s] Level 1:colcon.colcon_core.package_discovery:discover_packages(prefix_path) check parameters
[1.258s] Level 1:colcon.colcon_core.package_discovery:discover_packages(prefix_path) discover
[1.270s] DEBUG:colcon.colcon_installed_package_information.package_discovery:Found 1 installed packages in /home/shrey/arm_robot/install
[1.274s] DEBUG:colcon.colcon_installed_package_information.package_discovery:Found 3 installed packages in /home/shrey/ros2_ws/install
[1.279s] DEBUG:colcon.colcon_installed_package_information.package_discovery:Found 341 installed packages in /opt/ros/humble
[1.283s] Level 1:colcon.colcon_core.package_discovery:discover_packages(prefix_path) using defaults
[1.539s] Level 5:colcon.colcon_core.verb:set package 'arm_robot' build argument 'cmake_args' from command line to 'None'
[1.539s] Level 5:colcon.colcon_core.verb:set package 'arm_robot' build argument 'cmake_target' from command line to 'None'
[1.539s] Level 5:colcon.colcon_core.verb:set package 'arm_robot' build argument 'cmake_target_skip_unavailable' from command line to 'False'
[1.540s] Level 5:colcon.colcon_core.verb:set package 'arm_robot' build argument 'cmake_clean_cache' from command line to 'False'
[1.540s] Level 5:colcon.colcon_core.verb:set package 'arm_robot' build argument 'cmake_clean_first' from command line to 'False'
[1.541s] Level 5:colcon.colcon_core.verb:set package 'arm_robot' build argument 'cmake_force_configure' from command line to 'False'
[1.541s] Level 5:colcon.colcon_core.verb:set package 'arm_robot' build argument 'ament_cmake_args' from command line to 'None'
[1.541s] Level 5:colcon.colcon_core.verb:set package 'arm_robot' build argument 'catkin_cmake_args' from command line to 'None'
[1.541s] Level 5:colcon.colcon_core.verb:set package 'arm_robot' build argument 'catkin_skip_building_tests' from command line to 'False'
[1.541s] DEBUG:colcon.colcon_core.verb:Building package 'arm_robot' with the following arguments: {'ament_cmake_args': None, 'build_base': '/home/shrey/arm_robot/build/arm_robot', 'catkin_cmake_args': None, 'catkin_skip_building_tests': False, 'cmake_args': None, 'cmake_clean_cache': False, 'cmake_clean_first': False, 'cmake_force_configure': False, 'cmake_target': None, 'cmake_target_skip_unavailable': False, 'install_base': '/home/shrey/arm_robot/install/arm_robot', 'merge_install': False, 'path': '/home/shrey/arm_robot', 'symlink_install': False, 'test_result_base': None}
[1.541s] INFO:colcon.colcon_core.executor:Executing jobs using 'parallel' executor
[1.565s] DEBUG:colcon.colcon_parallel_executor.executor.parallel:run_until_complete
[1.566s] INFO:colcon.colcon_ros.task.ament_cmake.build:Building ROS package in '/home/shrey/arm_robot' with build type 'ament_cmake'
[1.567s] INFO:colcon.colcon_cmake.task.cmake.build:Building CMake package in '/home/shrey/arm_robot'
[1.586s] INFO:colcon.colcon_core.plugin_system:Skipping extension 'colcon_core.shell.bat': Not used on non-Windows systems
[1.588s] INFO:colcon.colcon_core.shell:Skip shell extension 'powershell' for command environment: Not usable outside of PowerShell
[1.588s] DEBUG:colcon.colcon_core.shell:Skip shell extension 'dsv' for command environment
[1.652s] DEBUG:colcon.colcon_core.event_handler.log_command:Invoking command in '/home/shrey/arm_robot/build/arm_robot': CMAKE_PREFIX_PATH=${CMAKE_PREFIX_PATH}:/opt/ros/humble /usr/bin/cmake /home/shrey/arm_robot -DCMAKE_INSTALL_PREFIX=/home/shrey/arm_robot/install/arm_robot
[2.877s] DEBUG:colcon.colcon_core.event_handler.log_command:Invoked command in '/home/shrey/arm_robot/build/arm_robot' returned '0': CMAKE_PREFIX_PATH=${CMAKE_PREFIX_PATH}:/opt/ros/humble /usr/bin/cmake /home/shrey/arm_robot -DCMAKE_INSTALL_PREFIX=/home/shrey/arm_robot/install/arm_robot
[2.884s] DEBUG:colcon.colcon_core.event_handler.log_command:Invoking command in '/home/shrey/arm_robot/build/arm_robot': CMAKE_PREFIX_PATH=${CMAKE_PREFIX_PATH}:/opt/ros/humble /usr/bin/cmake --build /home/shrey/arm_robot/build/arm_robot -- -j12 -l12
[3.023s] DEBUG:colcon.colcon_core.event_handler.log_command:Invoked command in '/home/shrey/arm_robot/build/arm_robot' returned '0': CMAKE_PREFIX_PATH=${CMAKE_PREFIX_PATH}:/opt/ros/humble /usr/bin/cmake --build /home/shrey/arm_robot/build/arm_robot -- -j12 -l12
[3.061s] DEBUG:colcon.colcon_core.event_handler.log_command:Invoking command in '/home/shrey/arm_robot/build/arm_robot': CMAKE_PREFIX_PATH=${CMAKE_PREFIX_PATH}:/opt/ros/humble /usr/bin/cmake --install /home/shrey/arm_robot/build/arm_robot
[3.142s] Level 1:colcon.colcon_core.environment:create_environment_scripts_only(arm_robot)
[3.144s] DEBUG:colcon.colcon_core.event_handler.log_command:Invoked command in '/home/shrey/arm_robot/build/arm_robot' returned '0': CMAKE_PREFIX_PATH=${CMAKE_PREFIX_PATH}:/opt/ros/humble /usr/bin/cmake --install /home/shrey/arm_robot/build/arm_robot
[3.154s] Level 1:colcon.colcon_core.environment:checking '/home/shrey/arm_robot/install/arm_robot' for CMake module files
[3.157s] Level 1:colcon.colcon_core.environment:checking '/home/shrey/arm_robot/install/arm_robot' for CMake config files
[3.158s] Level 1:colcon.colcon_core.shell:create_environment_hook('arm_robot', 'cmake_prefix_path')
[3.159s] INFO:colcon.colcon_core.shell:Creating environment hook '/home/shrey/arm_robot/install/arm_robot/share/arm_robot/hook/cmake_prefix_path.ps1'
[3.161s] INFO:colcon.colcon_core.shell:Creating environment descriptor '/home/shrey/arm_robot/install/arm_robot/share/arm_robot/hook/cmake_prefix_path.dsv'
[3.163s] INFO:colcon.colcon_core.shell:Creating environment hook '/home/shrey/arm_robot/install/arm_robot/share/arm_robot/hook/cmake_prefix_path.sh'
[3.168s] Level 1:colcon.colcon_core.environment:checking '/home/shrey/arm_robot/install/arm_robot/lib'
[3.169s] Level 1:colcon.colcon_core.environment:checking '/home/shrey/arm_robot/install/arm_robot/bin'
[3.169s] Level 1:colcon.colcon_core.environment:checking '/home/shrey/arm_robot/install/arm_robot/lib/pkgconfig/arm_robot.pc'
[3.169s] Level 1:colcon.colcon_core.environment:checking '/home/shrey/arm_robot/install/arm_robot/lib/python3.10/site-packages'
[3.170s] Level 1:colcon.colcon_core.environment:checking '/home/shrey/arm_robot/install/arm_robot/bin'
[3.171s] INFO:colcon.colcon_core.shell:Creating package script '/home/shrey/arm_robot/install/arm_robot/share/arm_robot/package.ps1'
[3.176s] INFO:colcon.colcon_core.shell:Creating package descriptor '/home/shrey/arm_robot/install/arm_robot/share/arm_robot/package.dsv'
[3.179s] INFO:colcon.colcon_core.shell:Creating package script '/home/shrey/arm_robot/install/arm_robot/share/arm_robot/package.sh'
[3.182s] INFO:colcon.colcon_core.shell:Creating package script '/home/shrey/arm_robot/install/arm_robot/share/arm_robot/package.bash'
[3.186s] INFO:colcon.colcon_core.shell:Creating package script '/home/shrey/arm_robot/install/arm_robot/share/arm_robot/package.zsh'
[3.191s] Level 1:colcon.colcon_core.environment:create_file_with_runtime_dependencies(/home/shrey/arm_robot/install/arm_robot/share/colcon-core/packages/arm_robot)
[3.193s] Level 1:colcon.colcon_core.environment:create_environment_scripts_only(arm_robot)
[3.194s] Level 1:colcon.colcon_core.environment:checking '/home/shrey/arm_robot/install/arm_robot' for CMake module files
[3.196s] Level 1:colcon.colcon_core.environment:checking '/home/shrey/arm_robot/install/arm_robot' for CMake config files
[3.198s] Level 1:colcon.colcon_core.shell:create_environment_hook('arm_robot', 'cmake_prefix_path')
[3.199s] INFO:colcon.colcon_core.shell:Creating environment hook '/home/shrey/arm_robot/install/arm_robot/share/arm_robot/hook/cmake_prefix_path.ps1'
[3.201s] INFO:colcon.colcon_core.shell:Creating environment descriptor '/home/shrey/arm_robot/install/arm_robot/share/arm_robot/hook/cmake_prefix_path.dsv'
[3.202s] INFO:colcon.colcon_core.shell:Creating environment hook '/home/shrey/arm_robot/install/arm_robot/share/arm_robot/hook/cmake_prefix_path.sh'
[3.205s] Level 1:colcon.colcon_core.environment:checking '/home/shrey/arm_robot/install/arm_robot/lib'
[3.205s] Level 1:colcon.colcon_core.environment:checking '/home/shrey/arm_robot/install/arm_robot/bin'
[3.206s] Level 1:colcon.colcon_core.environment:checking '/home/shrey/arm_robot/install/arm_robot/lib/pkgconfig/arm_robot.pc'
[3.206s] Level 1:colcon.colcon_core.environment:checking '/home/shrey/arm_robot/install/arm_robot/lib/python3.10/site-packages'
[3.207s] Level 1:colcon.colcon_core.environment:checking '/home/shrey/arm_robot/install/arm_robot/bin'
[3.208s] INFO:colcon.colcon_core.shell:Creating package script '/home/shrey/arm_robot/install/arm_robot/share/arm_robot/package.ps1'
[3.210s] INFO:colcon.colcon_core.shell:Creating package descriptor '/home/shrey/arm_robot/install/arm_robot/share/arm_robot/package.dsv'
[3.212s] INFO:colcon.colcon_core.shell:Creating package script '/home/shrey/arm_robot/install/arm_robot/share/arm_robot/package.sh'
[3.215s] INFO:colcon.colcon_core.shell:Creating package script '/home/shrey/arm_robot/install/arm_robot/share/arm_robot/package.bash'
[3.219s] INFO:colcon.colcon_core.shell:Creating package script '/home/shrey/arm_robot/install/arm_robot/share/arm_robot/package.zsh'
[3.228s] Level 1:colcon.colcon_core.environment:create_file_with_runtime_dependencies(/home/shrey/arm_robot/install/arm_robot/share/colcon-core/packages/arm_robot)
[3.229s] DEBUG:colcon.colcon_parallel_executor.executor.parallel:closing loop
[3.230s] DEBUG:colcon.colcon_parallel_executor.executor.parallel:loop closed
[3.232s] DEBUG:colcon.colcon_parallel_executor.executor.parallel:run_until_complete finished with '0'
[3.232s] DEBUG:colcon.colcon_core.event_reactor:joining thread
[3.505s] INFO:colcon.colcon_core.plugin_system:Skipping extension 'colcon_notification.desktop_notification.notify_send': Could not find 'notify-send'
[3.505s] INFO:colcon.colcon_core.plugin_system:Skipping extension 'colcon_notification.desktop_notification.terminal_notifier': Not used on non-Darwin systems
[3.505s] INFO:colcon.colcon_core.plugin_system:Skipping extension 'colcon_notification.desktop_notification.win32': Not used on non-Windows systems
[3.506s] INFO:colcon.colcon_notification.desktop_notification:Sending desktop notification using 'notify2'
[3.513s] DEBUG:colcon.colcon_notification.desktop_notification.notify2:Failed to initialize notify2: org.freedesktop.DBus.Error.ServiceUnknown: The name org.freedesktop.Notifications was not provided by any .service files
[3.513s] DEBUG:colcon.colcon_core.event_reactor:joined thread
[3.514s] INFO:colcon.colcon_core.shell:Creating prefix script '/home/shrey/arm_robot/install/local_setup.ps1'
[3.516s] INFO:colcon.colcon_core.shell:Creating prefix util module '/home/shrey/arm_robot/install/_local_setup_util_ps1.py'
[3.520s] INFO:colcon.colcon_core.shell:Creating prefix chain script '/home/shrey/arm_robot/install/setup.ps1'
[3.524s] INFO:colcon.colcon_core.shell:Creating prefix script '/home/shrey/arm_robot/install/local_setup.sh'
[3.526s] INFO:colcon.colcon_core.shell:Creating prefix util module '/home/shrey/arm_robot/install/_local_setup_util_sh.py'
[3.529s] INFO:colcon.colcon_core.shell:Creating prefix chain script '/home/shrey/arm_robot/install/setup.sh'
[3.533s] INFO:colcon.colcon_core.shell:Creating prefix script '/home/shrey/arm_robot/install/local_setup.bash'
[3.535s] INFO:colcon.colcon_core.shell:Creating prefix chain script '/home/shrey/arm_robot/install/setup.bash'
[3.540s] INFO:colcon.colcon_core.shell:Creating prefix script '/home/shrey/arm_robot/install/local_setup.zsh'
[3.542s] INFO:colcon.colcon_core.shell:Creating prefix chain script '/home/shrey/arm_robot/install/setup.zsh'
