[0.000000] (-) TimerEvent: {}
[0.003990] (arm_robot) JobQueued: {'identifier': 'arm_robot', 'dependencies': OrderedDict()}
[0.004835] (arm_robot) JobStarted: {'identifier': 'arm_robot'}
[0.058457] (arm_robot) JobProgress: {'identifier': 'arm_robot', 'progress': 'cmake'}
[0.060386] (arm_robot) Command: {'cmd': ['/usr/bin/cmake', '/home/shrey/arm_robot', '-DAMENT_CMAKE_SYMLINK_INSTALL=1', '-DCMAKE_INSTALL_PREFIX=/home/shrey/arm_robot/install/arm_robot'], 'cwd': '/home/shrey/arm_robot/build/arm_robot', 'env': OrderedDict([('USER', 'shrey'), ('SHLVL', '1'), ('LIBGL_ALWAYS_SOFTWARE', '1'), ('LD_LIBRARY_PATH', '/usr/lib/x86_64-linux-gnu/gazebo-11/plugins:/opt/ros/humble/opt/rviz_ogre_vendor/lib:/opt/ros/humble/lib/x86_64-linux-gnu:/opt/ros/humble/lib:/usr/lib/x86_64-linux-gnu/gazebo-11/plugins::/usr/lib/x86_64-linux-gnu/gazebo-11:/usr/lib/x86_64-linux-gnu/gazebo-11/plugins:/usr/lib/x86_64-linux-gnu/gazebo-11/plugins:/usr/lib/x86_64-linux-gnu/gazebo-11/plugins'), ('HOME', '/home/shrey'), ('OLDPWD', '/home/shrey'), ('GAZEBO_MASTER_URI', 'http://localhost:11345'), ('ROS_PYTHON_VERSION', '3'), ('DBUS_SESSION_BUS_ADDRESS', 'unix:path=/run/user/1000/bus'), ('WSL_DISTRO_NAME', 'Ubuntu-22.04'), ('WAYLAND_DISPLAY', 'wayland-0'), ('COLCON_PREFIX_PATH', '/home/shrey/ros2_ws/install'), ('ROS_DISTRO', 'humble'), ('LOGNAME', 'shrey'), ('NAME', 'LAPTOP-NF81MTHA'), ('WSL_INTEROP', '/run/WSL/39301_interop'), ('PULSE_SERVER', 'unix:/mnt/wslg/PulseServer'), ('_', '/usr/bin/colcon'), ('ROS_VERSION', '2'), ('TERM', 'xterm-256color'), ('GAZEBO_MODEL_PATH', '/usr/share/gazebo-11/models:/usr/share/gazebo-11/models'), ('ROS_LOCALHOST_ONLY', '0'), ('OGRE_RESOURCE_PATH', '/usr/lib/x86_64-linux-gnu/OGRE-1.9.0'), ('PATH', '/usr/bin:/opt/ros/humble/bin:/usr/local/sbin:/usr/local/bin:/usr/sbin:/usr/bin:/sbin:/bin:/usr/games:/usr/local/games:/usr/lib/wsl/lib:/mnt/c/Program Files/Common Files/Oracle/Java/javapath:/mnt/c/oraclexe/app/oracle/product/10.2.0/server/bin:/mnt/c/Python312/Scripts/:/mnt/c/Python312/:/mnt/c/Python311/Scripts/:/mnt/c/Python311/:/mnt/c/WINDOWS/system32:/mnt/c/WINDOWS:/mnt/c/WINDOWS/System32/Wbem:/mnt/c/WINDOWS/System32/WindowsPowerShell/v1.0/:/mnt/c/WINDOWS/System32/OpenSSH/:/mnt/c/Program Files (x86)/Microsoft SQL Server/160/Tools/Binn/:/mnt/c/Program Files/Microsoft SQL Server/160/Tools/Binn/:/mnt/c/Program Files/Microsoft SQL Server/Client SDK/ODBC/170/Tools/Binn/:/mnt/c/Program Files/Microsoft SQL Server/160/DTS/Binn/:/mnt/c/ProgramData/chocolatey/bin:/mnt/c/Program Files/nodejs/:/mnt/c/Program Files/nodejs:/mnt/c/Program Files/Docker/Docker/resources/bin:/mnt/c/Users/shrey/Documents/A13/apache-maven-3.9.9-bin/apache-maven-3.9.9/bin:/mnt/c/Program Files/Java/jdk-21/bin:/mnt/c/apache-maven-3.9.9/bin:/mnt/c/Users/shrey/AppData/Local/Microsoft/WindowsApps:/mnt/c/Users/shrey/AppData/Local/Programs/Microsoft VS Code/bin:/mnt/c/Program Files (x86)/MinGW/bin:/mnt/c/Users/shrey/Documents/mongosh-1.10.5-win32-x64/mongosh-1.10.5-win32-x64/bin:/mnt/c/Users/shrey/AppData/Roaming/npm:/mnt/c/Program Files/Git/bin:/mnt/c/Program Files/JetBrains/PyCharm 2023.3.3/bin:/mnt/c/Program Files/JetBrains/PyCharm Community Edition 2023.3.3/bin:/mnt/c/Program Files/JetBrains/IntelliJ IDEA Community Edition 2023.3.4/bin:/snap/bin:/usr/bin:/usr/lib/x86_64-linux-gnu/gazebo-11'), ('XDG_RUNTIME_DIR', '/run/user/1000/'), ('DISPLAY', ':0'), ('LANG', 'en_US.UTF-8'), ('AMENT_PREFIX_PATH', '/home/shrey/ros2_ws/install/arm_gazebo:/home/shrey/ros2_ws/install/arm_description:/home/shrey/ros2_ws/install/arm_controller:/opt/ros/humble'), ('SHELL', '/bin/bash'), ('GAZEBO_RESOURCE_PATH', '/usr/share/gazebo-11:/usr/share/gazebo-11'), ('GAZEBO_MODEL_DATABASE_URI', 'http://models.gazebosim.org'), ('PWD', '/home/shrey/arm_robot/build/arm_robot'), ('GAZEBO_PLUGIN_PATH', '/usr/lib/x86_64-linux-gnu/gazebo-11/plugins:/usr/lib/x86_64-linux-gnu/gazebo-11/plugins:/usr/lib/x86_64-linux-gnu/gazebo-11/plugins'), ('XDG_DATA_DIRS', '/usr/local/share:/usr/share:/var/lib/snapd/desktop'), ('PYTHONPATH', '/opt/ros/humble/lib/python3.10/site-packages:/opt/ros/humble/local/lib/python3.10/dist-packages'), ('COLCON', '1'), ('WSL2_GUI_APPS_ENABLED', '1'), ('HOSTTYPE', 'x86_64'), ('CMAKE_PREFIX_PATH', '/home/shrey/ros2_ws/install/arm_gazebo:/home/shrey/ros2_ws/install/arm_description:/home/shrey/ros2_ws/install/arm_controller:/opt/ros/humble'), ('WSLENV', '')]), 'shell': False}
[0.099424] (-) TimerEvent: {}
[0.199969] (-) TimerEvent: {}
[0.301596] (-) TimerEvent: {}
[0.336019] (arm_robot) StdoutLine: {'line': b'-- Found ament_cmake: 1.3.11 (/opt/ros/humble/share/ament_cmake/cmake)\n'}
[0.402786] (-) TimerEvent: {}
[0.503582] (-) TimerEvent: {}
[0.604339] (-) TimerEvent: {}
[0.704860] (-) TimerEvent: {}
[0.805464] (-) TimerEvent: {}
[0.905960] (-) TimerEvent: {}
[1.006496] (-) TimerEvent: {}
[1.106995] (-) TimerEvent: {}
[1.207561] (-) TimerEvent: {}
[1.308056] (-) TimerEvent: {}
[1.409228] (-) TimerEvent: {}
[1.510001] (-) TimerEvent: {}
[1.611363] (-) TimerEvent: {}
[1.712074] (-) TimerEvent: {}
[1.813012] (-) TimerEvent: {}
[1.914033] (-) TimerEvent: {}
[2.014775] (-) TimerEvent: {}
[2.017720] (arm_robot) StdoutLine: {'line': b'-- Found Python3: /usr/bin/python3 (found version "3.10.12") found components: Interpreter \n'}
[2.115039] (-) TimerEvent: {}
[2.215584] (-) TimerEvent: {}
[2.316796] (-) TimerEvent: {}
[2.417259] (-) TimerEvent: {}
[2.418123] (arm_robot) StdoutLine: {'line': b'-- Override CMake install command with custom implementation using symlinks instead of copying resources\n'}
[2.517442] (-) TimerEvent: {}
[2.618604] (-) TimerEvent: {}
[2.689713] (arm_robot) StdoutLine: {'line': b'-- Found ament_lint_auto: 0.12.11 (/opt/ros/humble/share/ament_lint_auto/cmake)\n'}
[2.718702] (-) TimerEvent: {}
[2.819189] (-) TimerEvent: {}
[2.919751] (-) TimerEvent: {}
[3.020660] (-) TimerEvent: {}
[3.121718] (-) TimerEvent: {}
[3.207326] (arm_robot) StdoutLine: {'line': b"-- Added test 'cppcheck' to perform static code analysis on C / C++ code\n"}
[3.207750] (arm_robot) StdoutLine: {'line': b'-- Configured cppcheck include dirs: \n'}
[3.207919] (arm_robot) StdoutLine: {'line': b'-- Configured cppcheck exclude dirs and/or files: \n'}
[3.221906] (-) TimerEvent: {}
[3.233184] (arm_robot) StdoutLine: {'line': b"-- Added test 'flake8' to check Python code syntax and style conventions\n"}
[3.248972] (arm_robot) StdoutLine: {'line': b"-- Added test 'lint_cmake' to check CMake code style\n"}
[3.259615] (arm_robot) StdoutLine: {'line': b"-- Added test 'pep257' to check Python code against some of the docstring style conventions in PEP 257\n"}
[3.314159] (arm_robot) StdoutLine: {'line': b"-- Added test 'uncrustify' to check C / C++ code style\n"}
[3.314592] (arm_robot) StdoutLine: {'line': b'-- Configured uncrustify additional arguments: \n'}
[3.322289] (-) TimerEvent: {}
[3.331003] (arm_robot) StdoutLine: {'line': b"-- Added test 'xmllint' to check XML markup files\n"}
[3.350743] (arm_robot) StdoutLine: {'line': b'-- Configuring done\n'}
[3.422618] (-) TimerEvent: {}
[3.440290] (arm_robot) StdoutLine: {'line': b'-- Generating done\n'}
[3.476294] (arm_robot) StdoutLine: {'line': b'-- Build files have been written to: /home/shrey/arm_robot/build/arm_robot\n'}
[3.505876] (arm_robot) CommandEnded: {'returncode': 0}
[3.507951] (arm_robot) JobProgress: {'identifier': 'arm_robot', 'progress': 'build'}
[3.508060] (arm_robot) Command: {'cmd': ['/usr/bin/cmake', '--build', '/home/shrey/arm_robot/build/arm_robot', '--', '-j12', '-l12'], 'cwd': '/home/shrey/arm_robot/build/arm_robot', 'env': OrderedDict([('USER', 'shrey'), ('SHLVL', '1'), ('LIBGL_ALWAYS_SOFTWARE', '1'), ('LD_LIBRARY_PATH', '/usr/lib/x86_64-linux-gnu/gazebo-11/plugins:/opt/ros/humble/opt/rviz_ogre_vendor/lib:/opt/ros/humble/lib/x86_64-linux-gnu:/opt/ros/humble/lib:/usr/lib/x86_64-linux-gnu/gazebo-11/plugins::/usr/lib/x86_64-linux-gnu/gazebo-11:/usr/lib/x86_64-linux-gnu/gazebo-11/plugins:/usr/lib/x86_64-linux-gnu/gazebo-11/plugins:/usr/lib/x86_64-linux-gnu/gazebo-11/plugins'), ('HOME', '/home/shrey'), ('OLDPWD', '/home/shrey'), ('GAZEBO_MASTER_URI', 'http://localhost:11345'), ('ROS_PYTHON_VERSION', '3'), ('DBUS_SESSION_BUS_ADDRESS', 'unix:path=/run/user/1000/bus'), ('WSL_DISTRO_NAME', 'Ubuntu-22.04'), ('WAYLAND_DISPLAY', 'wayland-0'), ('COLCON_PREFIX_PATH', '/home/shrey/ros2_ws/install'), ('ROS_DISTRO', 'humble'), ('LOGNAME', 'shrey'), ('NAME', 'LAPTOP-NF81MTHA'), ('WSL_INTEROP', '/run/WSL/39301_interop'), ('PULSE_SERVER', 'unix:/mnt/wslg/PulseServer'), ('_', '/usr/bin/colcon'), ('ROS_VERSION', '2'), ('TERM', 'xterm-256color'), ('GAZEBO_MODEL_PATH', '/usr/share/gazebo-11/models:/usr/share/gazebo-11/models'), ('ROS_LOCALHOST_ONLY', '0'), ('OGRE_RESOURCE_PATH', '/usr/lib/x86_64-linux-gnu/OGRE-1.9.0'), ('PATH', '/usr/bin:/opt/ros/humble/bin:/usr/local/sbin:/usr/local/bin:/usr/sbin:/usr/bin:/sbin:/bin:/usr/games:/usr/local/games:/usr/lib/wsl/lib:/mnt/c/Program Files/Common Files/Oracle/Java/javapath:/mnt/c/oraclexe/app/oracle/product/10.2.0/server/bin:/mnt/c/Python312/Scripts/:/mnt/c/Python312/:/mnt/c/Python311/Scripts/:/mnt/c/Python311/:/mnt/c/WINDOWS/system32:/mnt/c/WINDOWS:/mnt/c/WINDOWS/System32/Wbem:/mnt/c/WINDOWS/System32/WindowsPowerShell/v1.0/:/mnt/c/WINDOWS/System32/OpenSSH/:/mnt/c/Program Files (x86)/Microsoft SQL Server/160/Tools/Binn/:/mnt/c/Program Files/Microsoft SQL Server/160/Tools/Binn/:/mnt/c/Program Files/Microsoft SQL Server/Client SDK/ODBC/170/Tools/Binn/:/mnt/c/Program Files/Microsoft SQL Server/160/DTS/Binn/:/mnt/c/ProgramData/chocolatey/bin:/mnt/c/Program Files/nodejs/:/mnt/c/Program Files/nodejs:/mnt/c/Program Files/Docker/Docker/resources/bin:/mnt/c/Users/shrey/Documents/A13/apache-maven-3.9.9-bin/apache-maven-3.9.9/bin:/mnt/c/Program Files/Java/jdk-21/bin:/mnt/c/apache-maven-3.9.9/bin:/mnt/c/Users/shrey/AppData/Local/Microsoft/WindowsApps:/mnt/c/Users/shrey/AppData/Local/Programs/Microsoft VS Code/bin:/mnt/c/Program Files (x86)/MinGW/bin:/mnt/c/Users/shrey/Documents/mongosh-1.10.5-win32-x64/mongosh-1.10.5-win32-x64/bin:/mnt/c/Users/shrey/AppData/Roaming/npm:/mnt/c/Program Files/Git/bin:/mnt/c/Program Files/JetBrains/PyCharm 2023.3.3/bin:/mnt/c/Program Files/JetBrains/PyCharm Community Edition 2023.3.3/bin:/mnt/c/Program Files/JetBrains/IntelliJ IDEA Community Edition 2023.3.4/bin:/snap/bin:/usr/bin:/usr/lib/x86_64-linux-gnu/gazebo-11'), ('XDG_RUNTIME_DIR', '/run/user/1000/'), ('DISPLAY', ':0'), ('LANG', 'en_US.UTF-8'), ('AMENT_PREFIX_PATH', '/home/shrey/ros2_ws/install/arm_gazebo:/home/shrey/ros2_ws/install/arm_description:/home/shrey/ros2_ws/install/arm_controller:/opt/ros/humble'), ('SHELL', '/bin/bash'), ('GAZEBO_RESOURCE_PATH', '/usr/share/gazebo-11:/usr/share/gazebo-11'), ('GAZEBO_MODEL_DATABASE_URI', 'http://models.gazebosim.org'), ('PWD', '/home/shrey/arm_robot/build/arm_robot'), ('GAZEBO_PLUGIN_PATH', '/usr/lib/x86_64-linux-gnu/gazebo-11/plugins:/usr/lib/x86_64-linux-gnu/gazebo-11/plugins:/usr/lib/x86_64-linux-gnu/gazebo-11/plugins'), ('XDG_DATA_DIRS', '/usr/local/share:/usr/share:/var/lib/snapd/desktop'), ('PYTHONPATH', '/opt/ros/humble/lib/python3.10/site-packages:/opt/ros/humble/local/lib/python3.10/dist-packages'), ('COLCON', '1'), ('WSL2_GUI_APPS_ENABLED', '1'), ('HOSTTYPE', 'x86_64'), ('CMAKE_PREFIX_PATH', '/home/shrey/ros2_ws/install/arm_gazebo:/home/shrey/ros2_ws/install/arm_description:/home/shrey/ros2_ws/install/arm_controller:/opt/ros/humble'), ('WSLENV', '')]), 'shell': False}
[3.525584] (-) TimerEvent: {}
[3.626656] (-) TimerEvent: {}
[3.665028] (arm_robot) CommandEnded: {'returncode': 0}
[3.672864] (arm_robot) JobProgress: {'identifier': 'arm_robot', 'progress': 'install'}
[3.713993] (arm_robot) Command: {'cmd': ['/usr/bin/cmake', '--install', '/home/shrey/arm_robot/build/arm_robot'], 'cwd': '/home/shrey/arm_robot/build/arm_robot', 'env': OrderedDict([('USER', 'shrey'), ('SHLVL', '1'), ('LIBGL_ALWAYS_SOFTWARE', '1'), ('LD_LIBRARY_PATH', '/usr/lib/x86_64-linux-gnu/gazebo-11/plugins:/opt/ros/humble/opt/rviz_ogre_vendor/lib:/opt/ros/humble/lib/x86_64-linux-gnu:/opt/ros/humble/lib:/usr/lib/x86_64-linux-gnu/gazebo-11/plugins::/usr/lib/x86_64-linux-gnu/gazebo-11:/usr/lib/x86_64-linux-gnu/gazebo-11/plugins:/usr/lib/x86_64-linux-gnu/gazebo-11/plugins:/usr/lib/x86_64-linux-gnu/gazebo-11/plugins'), ('HOME', '/home/shrey'), ('OLDPWD', '/home/shrey'), ('GAZEBO_MASTER_URI', 'http://localhost:11345'), ('ROS_PYTHON_VERSION', '3'), ('DBUS_SESSION_BUS_ADDRESS', 'unix:path=/run/user/1000/bus'), ('WSL_DISTRO_NAME', 'Ubuntu-22.04'), ('WAYLAND_DISPLAY', 'wayland-0'), ('COLCON_PREFIX_PATH', '/home/shrey/ros2_ws/install'), ('ROS_DISTRO', 'humble'), ('LOGNAME', 'shrey'), ('NAME', 'LAPTOP-NF81MTHA'), ('WSL_INTEROP', '/run/WSL/39301_interop'), ('PULSE_SERVER', 'unix:/mnt/wslg/PulseServer'), ('_', '/usr/bin/colcon'), ('ROS_VERSION', '2'), ('TERM', 'xterm-256color'), ('GAZEBO_MODEL_PATH', '/usr/share/gazebo-11/models:/usr/share/gazebo-11/models'), ('ROS_LOCALHOST_ONLY', '0'), ('OGRE_RESOURCE_PATH', '/usr/lib/x86_64-linux-gnu/OGRE-1.9.0'), ('PATH', '/usr/bin:/opt/ros/humble/bin:/usr/local/sbin:/usr/local/bin:/usr/sbin:/usr/bin:/sbin:/bin:/usr/games:/usr/local/games:/usr/lib/wsl/lib:/mnt/c/Program Files/Common Files/Oracle/Java/javapath:/mnt/c/oraclexe/app/oracle/product/10.2.0/server/bin:/mnt/c/Python312/Scripts/:/mnt/c/Python312/:/mnt/c/Python311/Scripts/:/mnt/c/Python311/:/mnt/c/WINDOWS/system32:/mnt/c/WINDOWS:/mnt/c/WINDOWS/System32/Wbem:/mnt/c/WINDOWS/System32/WindowsPowerShell/v1.0/:/mnt/c/WINDOWS/System32/OpenSSH/:/mnt/c/Program Files (x86)/Microsoft SQL Server/160/Tools/Binn/:/mnt/c/Program Files/Microsoft SQL Server/160/Tools/Binn/:/mnt/c/Program Files/Microsoft SQL Server/Client SDK/ODBC/170/Tools/Binn/:/mnt/c/Program Files/Microsoft SQL Server/160/DTS/Binn/:/mnt/c/ProgramData/chocolatey/bin:/mnt/c/Program Files/nodejs/:/mnt/c/Program Files/nodejs:/mnt/c/Program Files/Docker/Docker/resources/bin:/mnt/c/Users/shrey/Documents/A13/apache-maven-3.9.9-bin/apache-maven-3.9.9/bin:/mnt/c/Program Files/Java/jdk-21/bin:/mnt/c/apache-maven-3.9.9/bin:/mnt/c/Users/shrey/AppData/Local/Microsoft/WindowsApps:/mnt/c/Users/shrey/AppData/Local/Programs/Microsoft VS Code/bin:/mnt/c/Program Files (x86)/MinGW/bin:/mnt/c/Users/shrey/Documents/mongosh-1.10.5-win32-x64/mongosh-1.10.5-win32-x64/bin:/mnt/c/Users/shrey/AppData/Roaming/npm:/mnt/c/Program Files/Git/bin:/mnt/c/Program Files/JetBrains/PyCharm 2023.3.3/bin:/mnt/c/Program Files/JetBrains/PyCharm Community Edition 2023.3.3/bin:/mnt/c/Program Files/JetBrains/IntelliJ IDEA Community Edition 2023.3.4/bin:/snap/bin:/usr/bin:/usr/lib/x86_64-linux-gnu/gazebo-11'), ('XDG_RUNTIME_DIR', '/run/user/1000/'), ('DISPLAY', ':0'), ('LANG', 'en_US.UTF-8'), ('AMENT_PREFIX_PATH', '/home/shrey/ros2_ws/install/arm_gazebo:/home/shrey/ros2_ws/install/arm_description:/home/shrey/ros2_ws/install/arm_controller:/opt/ros/humble'), ('SHELL', '/bin/bash'), ('GAZEBO_RESOURCE_PATH', '/usr/share/gazebo-11:/usr/share/gazebo-11'), ('GAZEBO_MODEL_DATABASE_URI', 'http://models.gazebosim.org'), ('PWD', '/home/shrey/arm_robot/build/arm_robot'), ('GAZEBO_PLUGIN_PATH', '/usr/lib/x86_64-linux-gnu/gazebo-11/plugins:/usr/lib/x86_64-linux-gnu/gazebo-11/plugins:/usr/lib/x86_64-linux-gnu/gazebo-11/plugins'), ('XDG_DATA_DIRS', '/usr/local/share:/usr/share:/var/lib/snapd/desktop'), ('PYTHONPATH', '/opt/ros/humble/lib/python3.10/site-packages:/opt/ros/humble/local/lib/python3.10/dist-packages'), ('COLCON', '1'), ('WSL2_GUI_APPS_ENABLED', '1'), ('HOSTTYPE', 'x86_64'), ('CMAKE_PREFIX_PATH', '/home/shrey/ros2_ws/install/arm_gazebo:/home/shrey/ros2_ws/install/arm_description:/home/shrey/ros2_ws/install/arm_controller:/opt/ros/humble'), ('WSLENV', '')]), 'shell': False}
[3.726853] (-) TimerEvent: {}
[3.737885] (arm_robot) StdoutLine: {'line': b'-- Install configuration: ""\n'}
[3.740349] (arm_robot) StdoutLine: {'line': b'-- Execute custom install script\n'}
[3.744476] (arm_robot) StdoutLine: {'line': b'-- Symlinking: /home/shrey/arm_robot/install/arm_robot/share/arm_robot/launch/control.launch.py\n'}
[3.798759] (arm_robot) StdoutLine: {'line': b'-- Symlinking: /home/shrey/arm_robot/install/arm_robot/share/arm_robot/launch/launch_sim.launch.py\n'}
[3.827040] (-) TimerEvent: {}
[3.833378] (arm_robot) StdoutLine: {'line': b'-- Symlinking: /home/shrey/arm_robot/install/arm_robot/share/arm_robot/launch/rsp.launch.py\n'}
[3.875078] (arm_robot) StdoutLine: {'line': b'-- Symlinking: /home/shrey/arm_robot/install/arm_robot/share/arm_robot/launch/rviz.launch.py\n'}
[3.917905] (arm_robot) StdoutLine: {'line': b'-- Symlinking: /home/shrey/arm_robot/install/arm_robot/share/arm_robot/description/gazebo_control.xacro\n'}
[3.930175] (-) TimerEvent: {}
[3.962728] (arm_robot) StdoutLine: {'line': b'-- Symlinking: /home/shrey/arm_robot/install/arm_robot/share/arm_robot/description/inertial_macros.xacro\n'}
[4.012832] (arm_robot) StdoutLine: {'line': b'-- Symlinking: /home/shrey/arm_robot/install/arm_robot/share/arm_robot/description/robot.urdf.xacro\n'}
[4.030576] (-) TimerEvent: {}
[4.051833] (arm_robot) StdoutLine: {'line': b'-- Symlinking: /home/shrey/arm_robot/install/arm_robot/share/arm_robot/description/robot_core_lr.xacro\n'}
[4.101035] (arm_robot) StdoutLine: {'line': b'-- Symlinking: /home/shrey/arm_robot/install/arm_robot/share/arm_robot/config/controller_position.yaml\n'}
[4.126273] (arm_robot) StdoutLine: {'line': b'-- Symlinking: /home/shrey/arm_robot/install/arm_robot/share/arm_robot/rviz/default.rviz\n'}
[4.131237] (-) TimerEvent: {}
[4.170820] (arm_robot) StdoutLine: {'line': b'-- Symlinking: /home/shrey/arm_robot/install/arm_robot/lib/arm_robot/control.py\n'}
[4.207412] (arm_robot) StdoutLine: {'line': b'-- Symlinking: /home/shrey/arm_robot/install/arm_robot/share/ament_index/resource_index/package_run_dependencies/arm_robot\n'}
[4.231427] (-) TimerEvent: {}
[4.235928] (arm_robot) StdoutLine: {'line': b'-- Symlinking: /home/shrey/arm_robot/install/arm_robot/share/ament_index/resource_index/parent_prefix_path/arm_robot\n'}
[4.277214] (arm_robot) StdoutLine: {'line': b'-- Symlinking: /home/shrey/arm_robot/install/arm_robot/share/arm_robot/environment/ament_prefix_path.sh\n'}
[4.321106] (arm_robot) StdoutLine: {'line': b'-- Symlinking: /home/shrey/arm_robot/install/arm_robot/share/arm_robot/environment/ament_prefix_path.dsv\n'}
[4.331660] (-) TimerEvent: {}
[4.384604] (arm_robot) StdoutLine: {'line': b'-- Symlinking: /home/shrey/arm_robot/install/arm_robot/share/arm_robot/environment/path.sh\n'}
[4.417467] (arm_robot) StdoutLine: {'line': b'-- Symlinking: /home/shrey/arm_robot/install/arm_robot/share/arm_robot/environment/path.dsv\n'}
[4.431852] (-) TimerEvent: {}
[4.481158] (arm_robot) StdoutLine: {'line': b'-- Symlinking: /home/shrey/arm_robot/install/arm_robot/share/arm_robot/local_setup.bash\n'}
[4.520790] (arm_robot) StdoutLine: {'line': b'-- Symlinking: /home/shrey/arm_robot/install/arm_robot/share/arm_robot/local_setup.sh\n'}
[4.532114] (-) TimerEvent: {}
[4.556467] (arm_robot) StdoutLine: {'line': b'-- Symlinking: /home/shrey/arm_robot/install/arm_robot/share/arm_robot/local_setup.zsh\n'}
[4.588329] (arm_robot) StdoutLine: {'line': b'-- Symlinking: /home/shrey/arm_robot/install/arm_robot/share/arm_robot/local_setup.dsv\n'}
[4.624628] (arm_robot) StdoutLine: {'line': b'-- Symlinking: /home/shrey/arm_robot/install/arm_robot/share/arm_robot/package.dsv\n'}
[4.632405] (-) TimerEvent: {}
[4.666887] (arm_robot) StdoutLine: {'line': b'-- Symlinking: /home/shrey/arm_robot/install/arm_robot/share/ament_index/resource_index/packages/arm_robot\n'}
[4.732636] (-) TimerEvent: {}
[4.745839] (arm_robot) StdoutLine: {'line': b'-- Symlinking: /home/shrey/arm_robot/install/arm_robot/share/arm_robot/cmake/arm_robotConfig.cmake\n'}
[4.785104] (arm_robot) StdoutLine: {'line': b'-- Symlinking: /home/shrey/arm_robot/install/arm_robot/share/arm_robot/cmake/arm_robotConfig-version.cmake\n'}
[4.819451] (arm_robot) StdoutLine: {'line': b'-- Symlinking: /home/shrey/arm_robot/install/arm_robot/share/arm_robot/package.xml\n'}
[4.832978] (-) TimerEvent: {}
[4.878025] (arm_robot) CommandEnded: {'returncode': 0}
[4.934079] (-) TimerEvent: {}
[4.959945] (arm_robot) JobEnded: {'identifier': 'arm_robot', 'rc': 0}
[4.970942] (-) EventReactorShutdown: {}
