[0.959s] DEBUG:colcon:Command line arguments: ['/usr/bin/colcon', 'build', '--symlink-install']
[0.959s] DEBUG:colcon:Parsed command line arguments: Namespace(log_base=None, log_level=None, verb_name='build', build_base='build', install_base='install', merge_install=False, symlink_install=True, test_result_base=None, continue_on_error=False, executor='parallel', parallel_workers=12, event_handlers=None, ignore_user_meta=False, metas=['./colcon.meta'], base_paths=['.'], packages_ignore=None, packages_ignore_regex=None, paths=None, packages_up_to=None, packages_up_to_regex=None, packages_above=None, packages_above_and_dependencies=None, packages_above_depth=None, packages_select_by_dep=None, packages_skip_by_dep=None, packages_skip_up_to=None, packages_select_build_failed=False, packages_skip_build_finished=False, packages_select_test_failures=False, packages_skip_test_passed=False, packages_select=None, packages_skip=None, packages_select_regex=None, packages_skip_regex=None, packages_start=None, packages_end=None, allow_overriding=[], cmake_args=None, cmake_target=None, cmake_target_skip_unavailable=False, cmake_clean_cache=False, cmake_clean_first=False, cmake_force_configure=False, ament_cmake_args=None, catkin_cmake_args=None, catkin_skip_building_tests=False, verb_parser=<colcon_defaults.argument_parser.defaults.DefaultArgumentsDecorator object at 0x7f5b18347f10>, verb_extension=<colcon_core.verb.build.BuildVerb object at 0x7f5b18346e60>, main=<bound method BuildVerb.main of <colcon_core.verb.build.BuildVerb object at 0x7f5b18346e60>>)
[1.228s] Level 1:colcon.colcon_core.package_discovery:discover_packages(colcon_meta) check parameters
[1.229s] Level 1:colcon.colcon_core.package_discovery:discover_packages(recursive) check parameters
[1.229s] Level 1:colcon.colcon_core.package_discovery:discover_packages(ignore) check parameters
[1.229s] Level 1:colcon.colcon_core.package_discovery:discover_packages(path) check parameters
[1.229s] Level 1:colcon.colcon_core.package_discovery:discover_packages(colcon_meta) discover
[1.229s] Level 1:colcon.colcon_core.package_discovery:discover_packages(recursive) discover
[1.230s] INFO:colcon.colcon_core.package_discovery:Crawling recursively for packages in '/home/shrey/arm_robot'
[1.230s] Level 1:colcon.colcon_core.package_identification:_identify(.) by extensions ['ignore', 'ignore_ament_install']
[1.231s] Level 1:colcon.colcon_core.package_identification:_identify(.) by extension 'ignore'
[1.231s] Level 1:colcon.colcon_core.package_identification:_identify(.) by extension 'ignore_ament_install'
[1.231s] Level 1:colcon.colcon_core.package_identification:_identify(.) by extensions ['colcon_pkg']
[1.231s] Level 1:colcon.colcon_core.package_identification:_identify(.) by extension 'colcon_pkg'
[1.231s] Level 1:colcon.colcon_core.package_identification:_identify(.) by extensions ['colcon_meta']
[1.231s] Level 1:colcon.colcon_core.package_identification:_identify(.) by extension 'colcon_meta'
[1.232s] Level 1:colcon.colcon_core.package_identification:_identify(.) by extensions ['ros']
[1.232s] Level 1:colcon.colcon_core.package_identification:_identify(.) by extension 'ros'
[1.266s] DEBUG:colcon.colcon_core.package_identification:Package '.' with type 'ros.ament_cmake' and name 'arm_robot'
[1.266s] Level 1:colcon.colcon_core.package_discovery:discover_packages(recursive) using defaults
[1.266s] Level 1:colcon.colcon_core.package_discovery:discover_packages(ignore) discover
[1.267s] Level 1:colcon.colcon_core.package_discovery:discover_packages(ignore) using defaults
[1.267s] Level 1:colcon.colcon_core.package_discovery:discover_packages(path) discover
[1.267s] Level 1:colcon.colcon_core.package_discovery:discover_packages(path) using defaults
[1.329s] Level 1:colcon.colcon_core.package_discovery:discover_packages(prefix_path) check parameters
[1.329s] Level 1:colcon.colcon_core.package_discovery:discover_packages(prefix_path) discover
[1.350s] DEBUG:colcon.colcon_installed_package_information.package_discovery:Found 3 installed packages in /home/shrey/ros2_ws/install
[1.355s] DEBUG:colcon.colcon_installed_package_information.package_discovery:Found 341 installed packages in /opt/ros/humble
[1.361s] Level 1:colcon.colcon_core.package_discovery:discover_packages(prefix_path) using defaults
[1.505s] Level 5:colcon.colcon_core.verb:set package 'arm_robot' build argument 'cmake_args' from command line to 'None'
[1.505s] Level 5:colcon.colcon_core.verb:set package 'arm_robot' build argument 'cmake_target' from command line to 'None'
[1.505s] Level 5:colcon.colcon_core.verb:set package 'arm_robot' build argument 'cmake_target_skip_unavailable' from command line to 'False'
[1.505s] Level 5:colcon.colcon_core.verb:set package 'arm_robot' build argument 'cmake_clean_cache' from command line to 'False'
[1.506s] Level 5:colcon.colcon_core.verb:set package 'arm_robot' build argument 'cmake_clean_first' from command line to 'False'
[1.506s] Level 5:colcon.colcon_core.verb:set package 'arm_robot' build argument 'cmake_force_configure' from command line to 'False'
[1.506s] Level 5:colcon.colcon_core.verb:set package 'arm_robot' build argument 'ament_cmake_args' from command line to 'None'
[1.506s] Level 5:colcon.colcon_core.verb:set package 'arm_robot' build argument 'catkin_cmake_args' from command line to 'None'
[1.506s] Level 5:colcon.colcon_core.verb:set package 'arm_robot' build argument 'catkin_skip_building_tests' from command line to 'False'
[1.509s] DEBUG:colcon.colcon_core.verb:Building package 'arm_robot' with the following arguments: {'ament_cmake_args': None, 'build_base': '/home/shrey/arm_robot/build/arm_robot', 'catkin_cmake_args': None, 'catkin_skip_building_tests': False, 'cmake_args': None, 'cmake_clean_cache': False, 'cmake_clean_first': False, 'cmake_force_configure': False, 'cmake_target': None, 'cmake_target_skip_unavailable': False, 'install_base': '/home/shrey/arm_robot/install/arm_robot', 'merge_install': False, 'path': '/home/shrey/arm_robot', 'symlink_install': True, 'test_result_base': None}
[1.510s] INFO:colcon.colcon_core.executor:Executing jobs using 'parallel' executor
[1.512s] DEBUG:colcon.colcon_parallel_executor.executor.parallel:run_until_complete
[1.514s] INFO:colcon.colcon_ros.task.ament_cmake.build:Building ROS package in '/home/shrey/arm_robot' with build type 'ament_cmake'
[1.515s] INFO:colcon.colcon_cmake.task.cmake.build:Building CMake package in '/home/shrey/arm_robot'
[1.523s] INFO:colcon.colcon_core.plugin_system:Skipping extension 'colcon_core.shell.bat': Not used on non-Windows systems
[1.523s] INFO:colcon.colcon_core.shell:Skip shell extension 'powershell' for command environment: Not usable outside of PowerShell
[1.523s] DEBUG:colcon.colcon_core.shell:Skip shell extension 'dsv' for command environment
[1.580s] DEBUG:colcon.colcon_core.event_handler.log_command:Invoking command in '/home/shrey/arm_robot/build/arm_robot': CMAKE_PREFIX_PATH=${CMAKE_PREFIX_PATH}:/opt/ros/humble /usr/bin/cmake /home/shrey/arm_robot -DAMENT_CMAKE_SYMLINK_INSTALL=1 -DCMAKE_INSTALL_PREFIX=/home/shrey/arm_robot/install/arm_robot
[5.019s] DEBUG:colcon.colcon_core.event_handler.log_command:Invoked command in '/home/shrey/arm_robot/build/arm_robot' returned '0': CMAKE_PREFIX_PATH=${CMAKE_PREFIX_PATH}:/opt/ros/humble /usr/bin/cmake /home/shrey/arm_robot -DAMENT_CMAKE_SYMLINK_INSTALL=1 -DCMAKE_INSTALL_PREFIX=/home/shrey/arm_robot/install/arm_robot
[5.021s] DEBUG:colcon.colcon_core.event_handler.log_command:Invoking command in '/home/shrey/arm_robot/build/arm_robot': CMAKE_PREFIX_PATH=${CMAKE_PREFIX_PATH}:/opt/ros/humble /usr/bin/cmake --build /home/shrey/arm_robot/build/arm_robot -- -j12 -l12
[5.179s] DEBUG:colcon.colcon_core.event_handler.log_command:Invoked command in '/home/shrey/arm_robot/build/arm_robot' returned '0': CMAKE_PREFIX_PATH=${CMAKE_PREFIX_PATH}:/opt/ros/humble /usr/bin/cmake --build /home/shrey/arm_robot/build/arm_robot -- -j12 -l12
[5.229s] DEBUG:colcon.colcon_core.event_handler.log_command:Invoking command in '/home/shrey/arm_robot/build/arm_robot': CMAKE_PREFIX_PATH=${CMAKE_PREFIX_PATH}:/opt/ros/humble /usr/bin/cmake --install /home/shrey/arm_robot/build/arm_robot
[6.384s] Level 1:colcon.colcon_core.environment:create_environment_scripts_only(arm_robot)
[6.396s] DEBUG:colcon.colcon_core.event_handler.log_command:Invoked command in '/home/shrey/arm_robot/build/arm_robot' returned '0': CMAKE_PREFIX_PATH=${CMAKE_PREFIX_PATH}:/opt/ros/humble /usr/bin/cmake --install /home/shrey/arm_robot/build/arm_robot
[6.407s] Level 1:colcon.colcon_core.environment:checking '/home/shrey/arm_robot/install/arm_robot' for CMake module files
[6.416s] Level 1:colcon.colcon_core.environment:checking '/home/shrey/arm_robot/install/arm_robot' for CMake config files
[6.418s] Level 1:colcon.colcon_core.shell:create_environment_hook('arm_robot', 'cmake_prefix_path')
[6.418s] INFO:colcon.colcon_core.shell:Creating environment hook '/home/shrey/arm_robot/install/arm_robot/share/arm_robot/hook/cmake_prefix_path.ps1'
[6.423s] INFO:colcon.colcon_core.shell:Creating environment descriptor '/home/shrey/arm_robot/install/arm_robot/share/arm_robot/hook/cmake_prefix_path.dsv'
[6.424s] INFO:colcon.colcon_core.shell:Creating environment hook '/home/shrey/arm_robot/install/arm_robot/share/arm_robot/hook/cmake_prefix_path.sh'
[6.429s] Level 1:colcon.colcon_core.environment:checking '/home/shrey/arm_robot/install/arm_robot/lib'
[6.430s] Level 1:colcon.colcon_core.environment:checking '/home/shrey/arm_robot/install/arm_robot/bin'
[6.431s] Level 1:colcon.colcon_core.environment:checking '/home/shrey/arm_robot/install/arm_robot/lib/pkgconfig/arm_robot.pc'
[6.433s] Level 1:colcon.colcon_core.environment:checking '/home/shrey/arm_robot/install/arm_robot/lib/python3.10/site-packages'
[6.434s] Level 1:colcon.colcon_core.environment:checking '/home/shrey/arm_robot/install/arm_robot/bin'
[6.435s] INFO:colcon.colcon_core.shell:Creating package script '/home/shrey/arm_robot/install/arm_robot/share/arm_robot/package.ps1'
[6.438s] INFO:colcon.colcon_core.shell:Creating package descriptor '/home/shrey/arm_robot/install/arm_robot/share/arm_robot/package.dsv'
[6.440s] INFO:colcon.colcon_core.shell:Creating package script '/home/shrey/arm_robot/install/arm_robot/share/arm_robot/package.sh'
[6.442s] INFO:colcon.colcon_core.shell:Creating package script '/home/shrey/arm_robot/install/arm_robot/share/arm_robot/package.bash'
[6.444s] INFO:colcon.colcon_core.shell:Creating package script '/home/shrey/arm_robot/install/arm_robot/share/arm_robot/package.zsh'
[6.447s] Level 1:colcon.colcon_core.environment:create_file_with_runtime_dependencies(/home/shrey/arm_robot/install/arm_robot/share/colcon-core/packages/arm_robot)
[6.449s] Level 1:colcon.colcon_core.environment:create_environment_scripts_only(arm_robot)
[6.450s] Level 1:colcon.colcon_core.environment:checking '/home/shrey/arm_robot/install/arm_robot' for CMake module files
[6.451s] Level 1:colcon.colcon_core.environment:checking '/home/shrey/arm_robot/install/arm_robot' for CMake config files
[6.452s] Level 1:colcon.colcon_core.shell:create_environment_hook('arm_robot', 'cmake_prefix_path')
[6.453s] INFO:colcon.colcon_core.shell:Creating environment hook '/home/shrey/arm_robot/install/arm_robot/share/arm_robot/hook/cmake_prefix_path.ps1'
[6.455s] INFO:colcon.colcon_core.shell:Creating environment descriptor '/home/shrey/arm_robot/install/arm_robot/share/arm_robot/hook/cmake_prefix_path.dsv'
[6.456s] INFO:colcon.colcon_core.shell:Creating environment hook '/home/shrey/arm_robot/install/arm_robot/share/arm_robot/hook/cmake_prefix_path.sh'
[6.458s] Level 1:colcon.colcon_core.environment:checking '/home/shrey/arm_robot/install/arm_robot/lib'
[6.458s] Level 1:colcon.colcon_core.environment:checking '/home/shrey/arm_robot/install/arm_robot/bin'
[6.459s] Level 1:colcon.colcon_core.environment:checking '/home/shrey/arm_robot/install/arm_robot/lib/pkgconfig/arm_robot.pc'
[6.459s] Level 1:colcon.colcon_core.environment:checking '/home/shrey/arm_robot/install/arm_robot/lib/python3.10/site-packages'
[6.460s] Level 1:colcon.colcon_core.environment:checking '/home/shrey/arm_robot/install/arm_robot/bin'
[6.461s] INFO:colcon.colcon_core.shell:Creating package script '/home/shrey/arm_robot/install/arm_robot/share/arm_robot/package.ps1'
[6.465s] INFO:colcon.colcon_core.shell:Creating package descriptor '/home/shrey/arm_robot/install/arm_robot/share/arm_robot/package.dsv'
[6.466s] INFO:colcon.colcon_core.shell:Creating package script '/home/shrey/arm_robot/install/arm_robot/share/arm_robot/package.sh'
[6.468s] INFO:colcon.colcon_core.shell:Creating package script '/home/shrey/arm_robot/install/arm_robot/share/arm_robot/package.bash'
[6.470s] INFO:colcon.colcon_core.shell:Creating package script '/home/shrey/arm_robot/install/arm_robot/share/arm_robot/package.zsh'
[6.471s] Level 1:colcon.colcon_core.environment:create_file_with_runtime_dependencies(/home/shrey/arm_robot/install/arm_robot/share/colcon-core/packages/arm_robot)
[6.474s] DEBUG:colcon.colcon_parallel_executor.executor.parallel:closing loop
[6.482s] DEBUG:colcon.colcon_parallel_executor.executor.parallel:loop closed
[6.482s] DEBUG:colcon.colcon_parallel_executor.executor.parallel:run_until_complete finished with '0'
[6.483s] DEBUG:colcon.colcon_core.event_reactor:joining thread
[6.782s] INFO:colcon.colcon_core.plugin_system:Skipping extension 'colcon_notification.desktop_notification.notify_send': Could not find 'notify-send'
[6.782s] INFO:colcon.colcon_core.plugin_system:Skipping extension 'colcon_notification.desktop_notification.terminal_notifier': Not used on non-Darwin systems
[6.782s] INFO:colcon.colcon_core.plugin_system:Skipping extension 'colcon_notification.desktop_notification.win32': Not used on non-Windows systems
[6.782s] INFO:colcon.colcon_notification.desktop_notification:Sending desktop notification using 'notify2'
[6.802s] DEBUG:colcon.colcon_notification.desktop_notification.notify2:Failed to initialize notify2: org.freedesktop.DBus.Error.ServiceUnknown: The name org.freedesktop.Notifications was not provided by any .service files
[6.803s] DEBUG:colcon.colcon_core.event_reactor:joined thread
[6.803s] INFO:colcon.colcon_core.shell:Creating prefix script '/home/shrey/arm_robot/install/local_setup.ps1'
[6.806s] INFO:colcon.colcon_core.shell:Creating prefix util module '/home/shrey/arm_robot/install/_local_setup_util_ps1.py'
[6.812s] INFO:colcon.colcon_core.shell:Creating prefix chain script '/home/shrey/arm_robot/install/setup.ps1'
[6.817s] INFO:colcon.colcon_core.shell:Creating prefix script '/home/shrey/arm_robot/install/local_setup.sh'
[6.830s] INFO:colcon.colcon_core.shell:Creating prefix util module '/home/shrey/arm_robot/install/_local_setup_util_sh.py'
[6.831s] INFO:colcon.colcon_core.shell:Creating prefix chain script '/home/shrey/arm_robot/install/setup.sh'
[6.835s] INFO:colcon.colcon_core.shell:Creating prefix script '/home/shrey/arm_robot/install/local_setup.bash'
[6.838s] INFO:colcon.colcon_core.shell:Creating prefix chain script '/home/shrey/arm_robot/install/setup.bash'
[6.841s] INFO:colcon.colcon_core.shell:Creating prefix script '/home/shrey/arm_robot/install/local_setup.zsh'
[6.842s] INFO:colcon.colcon_core.shell:Creating prefix chain script '/home/shrey/arm_robot/install/setup.zsh'
