[1.143s] DEBUG:colcon:Command line arguments: ['/usr/bin/colcon', 'build', '--symlink-install']
[1.143s] DEBUG:colcon:Parsed command line arguments: Namespace(log_base=None, log_level=None, verb_name='build', build_base='build', install_base='install', merge_install=False, symlink_install=True, test_result_base=None, continue_on_error=False, executor='parallel', parallel_workers=12, event_handlers=None, ignore_user_meta=False, metas=['./colcon.meta'], base_paths=['.'], packages_ignore=None, packages_ignore_regex=None, paths=None, packages_up_to=None, packages_up_to_regex=None, packages_above=None, packages_above_and_dependencies=None, packages_above_depth=None, packages_select_by_dep=None, packages_skip_by_dep=None, packages_skip_up_to=None, packages_select_build_failed=False, packages_skip_build_finished=False, packages_select_test_failures=False, packages_skip_test_passed=False, packages_select=None, packages_skip=None, packages_select_regex=None, packages_skip_regex=None, packages_start=None, packages_end=None, allow_overriding=[], cmake_args=None, cmake_target=None, cmake_target_skip_unavailable=False, cmake_clean_cache=False, cmake_clean_first=False, cmake_force_configure=False, ament_cmake_args=None, catkin_cmake_args=None, catkin_skip_building_tests=False, verb_parser=<colcon_defaults.argument_parser.defaults.DefaultArgumentsDecorator object at 0x7fd157b93f10>, verb_extension=<colcon_core.verb.build.BuildVerb object at 0x7fd157b92e60>, main=<bound method BuildVerb.main of <colcon_core.verb.build.BuildVerb object at 0x7fd157b92e60>>)
[1.387s] Level 1:colcon.colcon_core.package_discovery:discover_packages(colcon_meta) check parameters
[1.388s] Level 1:colcon.colcon_core.package_discovery:discover_packages(recursive) check parameters
[1.388s] Level 1:colcon.colcon_core.package_discovery:discover_packages(ignore) check parameters
[1.388s] Level 1:colcon.colcon_core.package_discovery:discover_packages(path) check parameters
[1.388s] Level 1:colcon.colcon_core.package_discovery:discover_packages(colcon_meta) discover
[1.389s] Level 1:colcon.colcon_core.package_discovery:discover_packages(recursive) discover
[1.389s] INFO:colcon.colcon_core.package_discovery:Crawling recursively for packages in '/home/shrey/arm_robot'
[1.389s] Level 1:colcon.colcon_core.package_identification:_identify(.) by extensions ['ignore', 'ignore_ament_install']
[1.392s] Level 1:colcon.colcon_core.package_identification:_identify(.) by extension 'ignore'
[1.392s] Level 1:colcon.colcon_core.package_identification:_identify(.) by extension 'ignore_ament_install'
[1.392s] Level 1:colcon.colcon_core.package_identification:_identify(.) by extensions ['colcon_pkg']
[1.393s] Level 1:colcon.colcon_core.package_identification:_identify(.) by extension 'colcon_pkg'
[1.393s] Level 1:colcon.colcon_core.package_identification:_identify(.) by extensions ['colcon_meta']
[1.393s] Level 1:colcon.colcon_core.package_identification:_identify(.) by extension 'colcon_meta'
[1.393s] Level 1:colcon.colcon_core.package_identification:_identify(.) by extensions ['ros']
[1.394s] Level 1:colcon.colcon_core.package_identification:_identify(.) by extension 'ros'
[1.436s] DEBUG:colcon.colcon_core.package_identification:Package '.' with type 'ros.ament_cmake' and name 'arm_robot'
[1.436s] Level 1:colcon.colcon_core.package_discovery:discover_packages(recursive) using defaults
[1.436s] Level 1:colcon.colcon_core.package_discovery:discover_packages(ignore) discover
[1.436s] Level 1:colcon.colcon_core.package_discovery:discover_packages(ignore) using defaults
[1.436s] Level 1:colcon.colcon_core.package_discovery:discover_packages(path) discover
[1.436s] Level 1:colcon.colcon_core.package_discovery:discover_packages(path) using defaults
[1.532s] Level 1:colcon.colcon_core.package_discovery:discover_packages(prefix_path) check parameters
[1.532s] Level 1:colcon.colcon_core.package_discovery:discover_packages(prefix_path) discover
[1.547s] DEBUG:colcon.colcon_installed_package_information.package_discovery:Found 1 installed packages in /home/shrey/arm_robot/install
[1.549s] DEBUG:colcon.colcon_installed_package_information.package_discovery:Found 3 installed packages in /home/shrey/ros2_ws/install
[1.552s] DEBUG:colcon.colcon_installed_package_information.package_discovery:Found 341 installed packages in /opt/ros/humble
[1.556s] Level 1:colcon.colcon_core.package_discovery:discover_packages(prefix_path) using defaults
[1.658s] Level 5:colcon.colcon_core.verb:set package 'arm_robot' build argument 'cmake_args' from command line to 'None'
[1.658s] Level 5:colcon.colcon_core.verb:set package 'arm_robot' build argument 'cmake_target' from command line to 'None'
[1.658s] Level 5:colcon.colcon_core.verb:set package 'arm_robot' build argument 'cmake_target_skip_unavailable' from command line to 'False'
[1.658s] Level 5:colcon.colcon_core.verb:set package 'arm_robot' build argument 'cmake_clean_cache' from command line to 'False'
[1.658s] Level 5:colcon.colcon_core.verb:set package 'arm_robot' build argument 'cmake_clean_first' from command line to 'False'
[1.658s] Level 5:colcon.colcon_core.verb:set package 'arm_robot' build argument 'cmake_force_configure' from command line to 'False'
[1.658s] Level 5:colcon.colcon_core.verb:set package 'arm_robot' build argument 'ament_cmake_args' from command line to 'None'
[1.658s] Level 5:colcon.colcon_core.verb:set package 'arm_robot' build argument 'catkin_cmake_args' from command line to 'None'
[1.658s] Level 5:colcon.colcon_core.verb:set package 'arm_robot' build argument 'catkin_skip_building_tests' from command line to 'False'
[1.658s] DEBUG:colcon.colcon_core.verb:Building package 'arm_robot' with the following arguments: {'ament_cmake_args': None, 'build_base': '/home/shrey/arm_robot/build/arm_robot', 'catkin_cmake_args': None, 'catkin_skip_building_tests': False, 'cmake_args': None, 'cmake_clean_cache': False, 'cmake_clean_first': False, 'cmake_force_configure': False, 'cmake_target': None, 'cmake_target_skip_unavailable': False, 'install_base': '/home/shrey/arm_robot/install/arm_robot', 'merge_install': False, 'path': '/home/shrey/arm_robot', 'symlink_install': True, 'test_result_base': None}
[1.658s] INFO:colcon.colcon_core.executor:Executing jobs using 'parallel' executor
[1.662s] DEBUG:colcon.colcon_parallel_executor.executor.parallel:run_until_complete
[1.663s] INFO:colcon.colcon_ros.task.ament_cmake.build:Building ROS package in '/home/shrey/arm_robot' with build type 'ament_cmake'
[1.663s] INFO:colcon.colcon_cmake.task.cmake.build:Building CMake package in '/home/shrey/arm_robot'
[1.681s] INFO:colcon.colcon_core.plugin_system:Skipping extension 'colcon_core.shell.bat': Not used on non-Windows systems
[1.681s] INFO:colcon.colcon_core.shell:Skip shell extension 'powershell' for command environment: Not usable outside of PowerShell
[1.681s] DEBUG:colcon.colcon_core.shell:Skip shell extension 'dsv' for command environment
[1.707s] DEBUG:colcon.colcon_core.event_handler.log_command:Invoking command in '/home/shrey/arm_robot/build/arm_robot': CMAKE_PREFIX_PATH=${CMAKE_PREFIX_PATH}:/opt/ros/humble /usr/bin/cmake /home/shrey/arm_robot -DAMENT_CMAKE_SYMLINK_INSTALL=1 -DCMAKE_INSTALL_PREFIX=/home/shrey/arm_robot/install/arm_robot
[2.735s] DEBUG:colcon.colcon_core.event_handler.log_command:Invoked command in '/home/shrey/arm_robot/build/arm_robot' returned '0': CMAKE_PREFIX_PATH=${CMAKE_PREFIX_PATH}:/opt/ros/humble /usr/bin/cmake /home/shrey/arm_robot -DAMENT_CMAKE_SYMLINK_INSTALL=1 -DCMAKE_INSTALL_PREFIX=/home/shrey/arm_robot/install/arm_robot
[2.741s] DEBUG:colcon.colcon_core.event_handler.log_command:Invoking command in '/home/shrey/arm_robot/build/arm_robot': CMAKE_PREFIX_PATH=${CMAKE_PREFIX_PATH}:/opt/ros/humble /usr/bin/cmake --build /home/shrey/arm_robot/build/arm_robot -- -j12 -l12
[2.821s] DEBUG:colcon.colcon_core.event_handler.log_command:Invoked command in '/home/shrey/arm_robot/build/arm_robot' returned '0': CMAKE_PREFIX_PATH=${CMAKE_PREFIX_PATH}:/opt/ros/humble /usr/bin/cmake --build /home/shrey/arm_robot/build/arm_robot -- -j12 -l12
[2.849s] DEBUG:colcon.colcon_core.event_handler.log_command:Invoking command in '/home/shrey/arm_robot/build/arm_robot': CMAKE_PREFIX_PATH=${CMAKE_PREFIX_PATH}:/opt/ros/humble /usr/bin/cmake --install /home/shrey/arm_robot/build/arm_robot
[2.896s] Level 1:colcon.colcon_core.environment:create_environment_scripts_only(arm_robot)
[2.897s] DEBUG:colcon.colcon_core.event_handler.log_command:Invoked command in '/home/shrey/arm_robot/build/arm_robot' returned '0': CMAKE_PREFIX_PATH=${CMAKE_PREFIX_PATH}:/opt/ros/humble /usr/bin/cmake --install /home/shrey/arm_robot/build/arm_robot
[2.917s] Level 1:colcon.colcon_core.environment:checking '/home/shrey/arm_robot/install/arm_robot' for CMake module files
[2.919s] Level 1:colcon.colcon_core.environment:checking '/home/shrey/arm_robot/install/arm_robot' for CMake config files
[2.920s] Level 1:colcon.colcon_core.shell:create_environment_hook('arm_robot', 'cmake_prefix_path')
[2.920s] INFO:colcon.colcon_core.shell:Creating environment hook '/home/shrey/arm_robot/install/arm_robot/share/arm_robot/hook/cmake_prefix_path.ps1'
[2.922s] INFO:colcon.colcon_core.shell:Creating environment descriptor '/home/shrey/arm_robot/install/arm_robot/share/arm_robot/hook/cmake_prefix_path.dsv'
[2.924s] INFO:colcon.colcon_core.shell:Creating environment hook '/home/shrey/arm_robot/install/arm_robot/share/arm_robot/hook/cmake_prefix_path.sh'
[2.927s] Level 1:colcon.colcon_core.environment:checking '/home/shrey/arm_robot/install/arm_robot/lib'
[2.927s] Level 1:colcon.colcon_core.environment:checking '/home/shrey/arm_robot/install/arm_robot/bin'
[2.927s] Level 1:colcon.colcon_core.environment:checking '/home/shrey/arm_robot/install/arm_robot/lib/pkgconfig/arm_robot.pc'
[2.928s] Level 1:colcon.colcon_core.environment:checking '/home/shrey/arm_robot/install/arm_robot/lib/python3.10/site-packages'
[2.928s] Level 1:colcon.colcon_core.environment:checking '/home/shrey/arm_robot/install/arm_robot/bin'
[2.928s] INFO:colcon.colcon_core.shell:Creating package script '/home/shrey/arm_robot/install/arm_robot/share/arm_robot/package.ps1'
[2.931s] INFO:colcon.colcon_core.shell:Creating package descriptor '/home/shrey/arm_robot/install/arm_robot/share/arm_robot/package.dsv'
[2.934s] INFO:colcon.colcon_core.shell:Creating package script '/home/shrey/arm_robot/install/arm_robot/share/arm_robot/package.sh'
[2.938s] INFO:colcon.colcon_core.shell:Creating package script '/home/shrey/arm_robot/install/arm_robot/share/arm_robot/package.bash'
[2.942s] INFO:colcon.colcon_core.shell:Creating package script '/home/shrey/arm_robot/install/arm_robot/share/arm_robot/package.zsh'
[2.945s] Level 1:colcon.colcon_core.environment:create_file_with_runtime_dependencies(/home/shrey/arm_robot/install/arm_robot/share/colcon-core/packages/arm_robot)
[2.946s] Level 1:colcon.colcon_core.environment:create_environment_scripts_only(arm_robot)
[2.947s] Level 1:colcon.colcon_core.environment:checking '/home/shrey/arm_robot/install/arm_robot' for CMake module files
[2.947s] Level 1:colcon.colcon_core.environment:checking '/home/shrey/arm_robot/install/arm_robot' for CMake config files
[2.948s] Level 1:colcon.colcon_core.shell:create_environment_hook('arm_robot', 'cmake_prefix_path')
[2.948s] INFO:colcon.colcon_core.shell:Creating environment hook '/home/shrey/arm_robot/install/arm_robot/share/arm_robot/hook/cmake_prefix_path.ps1'
[2.949s] INFO:colcon.colcon_core.shell:Creating environment descriptor '/home/shrey/arm_robot/install/arm_robot/share/arm_robot/hook/cmake_prefix_path.dsv'
[2.950s] INFO:colcon.colcon_core.shell:Creating environment hook '/home/shrey/arm_robot/install/arm_robot/share/arm_robot/hook/cmake_prefix_path.sh'
[2.951s] Level 1:colcon.colcon_core.environment:checking '/home/shrey/arm_robot/install/arm_robot/lib'
[2.951s] Level 1:colcon.colcon_core.environment:checking '/home/shrey/arm_robot/install/arm_robot/bin'
[2.951s] Level 1:colcon.colcon_core.environment:checking '/home/shrey/arm_robot/install/arm_robot/lib/pkgconfig/arm_robot.pc'
[2.951s] Level 1:colcon.colcon_core.environment:checking '/home/shrey/arm_robot/install/arm_robot/lib/python3.10/site-packages'
[2.952s] Level 1:colcon.colcon_core.environment:checking '/home/shrey/arm_robot/install/arm_robot/bin'
[2.952s] INFO:colcon.colcon_core.shell:Creating package script '/home/shrey/arm_robot/install/arm_robot/share/arm_robot/package.ps1'
[2.953s] INFO:colcon.colcon_core.shell:Creating package descriptor '/home/shrey/arm_robot/install/arm_robot/share/arm_robot/package.dsv'
[2.954s] INFO:colcon.colcon_core.shell:Creating package script '/home/shrey/arm_robot/install/arm_robot/share/arm_robot/package.sh'
[2.954s] INFO:colcon.colcon_core.shell:Creating package script '/home/shrey/arm_robot/install/arm_robot/share/arm_robot/package.bash'
[2.955s] INFO:colcon.colcon_core.shell:Creating package script '/home/shrey/arm_robot/install/arm_robot/share/arm_robot/package.zsh'
[2.956s] Level 1:colcon.colcon_core.environment:create_file_with_runtime_dependencies(/home/shrey/arm_robot/install/arm_robot/share/colcon-core/packages/arm_robot)
[2.956s] DEBUG:colcon.colcon_parallel_executor.executor.parallel:closing loop
[2.957s] DEBUG:colcon.colcon_parallel_executor.executor.parallel:loop closed
[2.957s] DEBUG:colcon.colcon_parallel_executor.executor.parallel:run_until_complete finished with '0'
[2.958s] DEBUG:colcon.colcon_core.event_reactor:joining thread
[3.132s] INFO:colcon.colcon_core.plugin_system:Skipping extension 'colcon_notification.desktop_notification.notify_send': Could not find 'notify-send'
[3.132s] INFO:colcon.colcon_core.plugin_system:Skipping extension 'colcon_notification.desktop_notification.terminal_notifier': Not used on non-Darwin systems
[3.133s] INFO:colcon.colcon_core.plugin_system:Skipping extension 'colcon_notification.desktop_notification.win32': Not used on non-Windows systems
[3.133s] INFO:colcon.colcon_notification.desktop_notification:Sending desktop notification using 'notify2'
[3.152s] DEBUG:colcon.colcon_notification.desktop_notification.notify2:Failed to initialize notify2: org.freedesktop.DBus.Error.ServiceUnknown: The name org.freedesktop.Notifications was not provided by any .service files
[3.153s] DEBUG:colcon.colcon_core.event_reactor:joined thread
[3.153s] INFO:colcon.colcon_core.shell:Creating prefix script '/home/shrey/arm_robot/install/local_setup.ps1'
[3.157s] INFO:colcon.colcon_core.shell:Creating prefix util module '/home/shrey/arm_robot/install/_local_setup_util_ps1.py'
[3.160s] INFO:colcon.colcon_core.shell:Creating prefix chain script '/home/shrey/arm_robot/install/setup.ps1'
[3.163s] INFO:colcon.colcon_core.shell:Creating prefix script '/home/shrey/arm_robot/install/local_setup.sh'
[3.165s] INFO:colcon.colcon_core.shell:Creating prefix util module '/home/shrey/arm_robot/install/_local_setup_util_sh.py'
[3.166s] INFO:colcon.colcon_core.shell:Creating prefix chain script '/home/shrey/arm_robot/install/setup.sh'
[3.170s] INFO:colcon.colcon_core.shell:Creating prefix script '/home/shrey/arm_robot/install/local_setup.bash'
[3.171s] INFO:colcon.colcon_core.shell:Creating prefix chain script '/home/shrey/arm_robot/install/setup.bash'
[3.174s] INFO:colcon.colcon_core.shell:Creating prefix script '/home/shrey/arm_robot/install/local_setup.zsh'
[3.177s] INFO:colcon.colcon_core.shell:Creating prefix chain script '/home/shrey/arm_robot/install/setup.zsh'
