[0.040s] Invoking command in '/home/shrey/arm_robot/build/arm_robot': CMAKE_PREFIX_PATH=${CMAKE_PREFIX_PATH}:/opt/ros/humble /usr/bin/cmake /home/shrey/arm_robot -DAMENT_CMAKE_SYMLINK_INSTALL=1 -DCMAKE_INSTALL_PREFIX=/home/shrey/arm_robot/install/arm_robot
[0.263s] -- Found ament_cmake: 1.3.11 (/opt/ros/humble/share/ament_cmake/cmake)
[0.576s] -- Override CMake install command with custom implementation using symlinks instead of copying resources
[0.653s] -- Found ament_lint_auto: 0.12.11 (/opt/ros/humble/share/ament_lint_auto/cmake)
[0.954s] -- Added test 'cppcheck' to perform static code analysis on C / C++ code
[0.955s] -- Configured cppcheck include dirs: 
[0.955s] -- Configured cppcheck exclude dirs and/or files: 
[0.961s] -- Added test 'flake8' to check Python code syntax and style conventions
[0.972s] -- Added test 'lint_cmake' to check CMake code style
[0.977s] -- Added test 'pep257' to check Python code against some of the docstring style conventions in PEP 257
[1.011s] -- Added test 'uncrustify' to check C / C++ code style
[1.011s] -- Configured uncrustify additional arguments: 
[1.016s] -- Added test 'xmllint' to check XML markup files
[1.022s] -- Configuring done
[1.042s] -- Generating done
[1.050s] -- Build files have been written to: /home/shrey/arm_robot/build/arm_robot
[1.069s] Invoked command in '/home/shrey/arm_robot/build/arm_robot' returned '0': CMAKE_PREFIX_PATH=${CMAKE_PREFIX_PATH}:/opt/ros/humble /usr/bin/cmake /home/shrey/arm_robot -DAMENT_CMAKE_SYMLINK_INSTALL=1 -DCMAKE_INSTALL_PREFIX=/home/shrey/arm_robot/install/arm_robot
[1.075s] Invoking command in '/home/shrey/arm_robot/build/arm_robot': CMAKE_PREFIX_PATH=${CMAKE_PREFIX_PATH}:/opt/ros/humble /usr/bin/cmake --build /home/shrey/arm_robot/build/arm_robot -- -j12 -l12
[1.155s] Invoked command in '/home/shrey/arm_robot/build/arm_robot' returned '0': CMAKE_PREFIX_PATH=${CMAKE_PREFIX_PATH}:/opt/ros/humble /usr/bin/cmake --build /home/shrey/arm_robot/build/arm_robot -- -j12 -l12
[1.182s] Invoking command in '/home/shrey/arm_robot/build/arm_robot': CMAKE_PREFIX_PATH=${CMAKE_PREFIX_PATH}:/opt/ros/humble /usr/bin/cmake --install /home/shrey/arm_robot/build/arm_robot
[1.194s] -- Install configuration: ""
[1.195s] -- Execute custom install script
[1.196s] -- Up-to-date symlink: /home/shrey/arm_robot/install/arm_robot/share/arm_robot/launch/control.launch.py
[1.197s] -- Up-to-date symlink: /home/shrey/arm_robot/install/arm_robot/share/arm_robot/launch/launch_sim.launch.py
[1.197s] -- Up-to-date symlink: /home/shrey/arm_robot/install/arm_robot/share/arm_robot/launch/rsp.launch.py
[1.198s] -- Up-to-date symlink: /home/shrey/arm_robot/install/arm_robot/share/arm_robot/launch/rviz.launch.py
[1.199s] -- Up-to-date symlink: /home/shrey/arm_robot/install/arm_robot/share/arm_robot/description/gazebo_control.xacro
[1.200s] -- Up-to-date symlink: /home/shrey/arm_robot/install/arm_robot/share/arm_robot/description/inertial_macros.xacro
[1.200s] -- Up-to-date symlink: /home/shrey/arm_robot/install/arm_robot/share/arm_robot/description/robot.urdf.xacro
[1.201s] -- Up-to-date symlink: /home/shrey/arm_robot/install/arm_robot/share/arm_robot/description/robot_core_lr.xacro
[1.201s] -- Up-to-date symlink: /home/shrey/arm_robot/install/arm_robot/share/arm_robot/config/controller_position.yaml
[1.202s] -- Up-to-date symlink: /home/shrey/arm_robot/install/arm_robot/share/arm_robot/rviz/default.rviz
[1.202s] -- Up-to-date symlink: /home/shrey/arm_robot/install/arm_robot/lib/arm_robot/control.py
[1.202s] -- Up-to-date symlink: /home/shrey/arm_robot/install/arm_robot/share/ament_index/resource_index/package_run_dependencies/arm_robot
[1.203s] -- Up-to-date symlink: /home/shrey/arm_robot/install/arm_robot/share/ament_index/resource_index/parent_prefix_path/arm_robot
[1.203s] -- Up-to-date symlink: /home/shrey/arm_robot/install/arm_robot/share/arm_robot/environment/ament_prefix_path.sh
[1.204s] -- Up-to-date symlink: /home/shrey/arm_robot/install/arm_robot/share/arm_robot/environment/ament_prefix_path.dsv
[1.204s] -- Up-to-date symlink: /home/shrey/arm_robot/install/arm_robot/share/arm_robot/environment/path.sh
[1.205s] -- Up-to-date symlink: /home/shrey/arm_robot/install/arm_robot/share/arm_robot/environment/path.dsv
[1.205s] -- Up-to-date symlink: /home/shrey/arm_robot/install/arm_robot/share/arm_robot/local_setup.bash
[1.206s] -- Up-to-date symlink: /home/shrey/arm_robot/install/arm_robot/share/arm_robot/local_setup.sh
[1.206s] -- Up-to-date symlink: /home/shrey/arm_robot/install/arm_robot/share/arm_robot/local_setup.zsh
[1.206s] -- Up-to-date symlink: /home/shrey/arm_robot/install/arm_robot/share/arm_robot/local_setup.dsv
[1.206s] -- Symlinking: /home/shrey/arm_robot/install/arm_robot/share/arm_robot/package.dsv
[1.225s] -- Up-to-date symlink: /home/shrey/arm_robot/install/arm_robot/share/ament_index/resource_index/packages/arm_robot
[1.226s] -- Up-to-date symlink: /home/shrey/arm_robot/install/arm_robot/share/arm_robot/cmake/arm_robotConfig.cmake
[1.227s] -- Up-to-date symlink: /home/shrey/arm_robot/install/arm_robot/share/arm_robot/cmake/arm_robotConfig-version.cmake
[1.227s] -- Up-to-date symlink: /home/shrey/arm_robot/install/arm_robot/share/arm_robot/package.xml
[1.231s] Invoked command in '/home/shrey/arm_robot/build/arm_robot' returned '0': CMAKE_PREFIX_PATH=${CMAKE_PREFIX_PATH}:/opt/ros/humble /usr/bin/cmake --install /home/shrey/arm_robot/build/arm_robot
