[0.084s] Invoking command in '/home/shrey/arm_robot/build/arm_robot': CMAKE_PREFIX_PATH=${CMAKE_PREFIX_PATH}:/opt/ros/humble /usr/bin/cmake /home/shrey/arm_robot -DCMAKE_INSTALL_PREFIX=/home/shrey/arm_robot/install/arm_robot
[0.251s] -- Found ament_cmake: 1.3.11 (/opt/ros/humble/share/ament_cmake/cmake)
[0.746s] -- Override CMake install command with custom implementation using symlinks instead of copying resources
[0.808s] -- Found ament_lint_auto: 0.12.11 (/opt/ros/humble/share/ament_lint_auto/cmake)
[1.158s] -- Added test 'cppcheck' to perform static code analysis on C / C++ code
[1.159s] -- Configured cppcheck include dirs: 
[1.160s] -- Configured cppcheck exclude dirs and/or files: 
[1.168s] -- Added test 'flake8' to check Python code syntax and style conventions
[1.179s] -- Added test 'lint_cmake' to check CMake code style
[1.186s] -- Added test 'pep257' to check Python code against some of the docstring style conventions in PEP 257
[1.228s] -- Added test 'uncrustify' to check C / C++ code style
[1.229s] -- Configured uncrustify additional arguments: 
[1.235s] -- Added test 'xmllint' to check XML markup files
[1.245s] -- Configuring done
[1.279s] -- Generating done
[1.293s] -- Build files have been written to: /home/shrey/arm_robot/build/arm_robot
[1.309s] Invoked command in '/home/shrey/arm_robot/build/arm_robot' returned '0': CMAKE_PREFIX_PATH=${CMAKE_PREFIX_PATH}:/opt/ros/humble /usr/bin/cmake /home/shrey/arm_robot -DCMAKE_INSTALL_PREFIX=/home/shrey/arm_robot/install/arm_robot
[1.316s] Invoking command in '/home/shrey/arm_robot/build/arm_robot': CMAKE_PREFIX_PATH=${CMAKE_PREFIX_PATH}:/opt/ros/humble /usr/bin/cmake --build /home/shrey/arm_robot/build/arm_robot -- -j12 -l12
[1.455s] Invoked command in '/home/shrey/arm_robot/build/arm_robot' returned '0': CMAKE_PREFIX_PATH=${CMAKE_PREFIX_PATH}:/opt/ros/humble /usr/bin/cmake --build /home/shrey/arm_robot/build/arm_robot -- -j12 -l12
[1.493s] Invoking command in '/home/shrey/arm_robot/build/arm_robot': CMAKE_PREFIX_PATH=${CMAKE_PREFIX_PATH}:/opt/ros/humble /usr/bin/cmake --install /home/shrey/arm_robot/build/arm_robot
[1.516s] -- Install configuration: ""
[1.517s] -- Execute custom install script
[1.520s] -- Up-to-date symlink: /home/shrey/arm_robot/install/arm_robot/share/arm_robot/launch/control.launch.py
[1.521s] -- Up-to-date symlink: /home/shrey/arm_robot/install/arm_robot/share/arm_robot/launch/launch_sim.launch.py
[1.522s] -- Up-to-date symlink: /home/shrey/arm_robot/install/arm_robot/share/arm_robot/launch/rsp.launch.py
[1.523s] -- Up-to-date symlink: /home/shrey/arm_robot/install/arm_robot/share/arm_robot/launch/rviz.launch.py
[1.524s] -- Up-to-date symlink: /home/shrey/arm_robot/install/arm_robot/share/arm_robot/description/gazebo_control.xacro
[1.524s] -- Up-to-date symlink: /home/shrey/arm_robot/install/arm_robot/share/arm_robot/description/inertial_macros.xacro
[1.525s] -- Up-to-date symlink: /home/shrey/arm_robot/install/arm_robot/share/arm_robot/description/robot.urdf.xacro
[1.525s] -- Up-to-date symlink: /home/shrey/arm_robot/install/arm_robot/share/arm_robot/description/robot_core_lr.xacro
[1.526s] -- Up-to-date symlink: /home/shrey/arm_robot/install/arm_robot/share/arm_robot/config/controller_position.yaml
[1.527s] -- Up-to-date symlink: /home/shrey/arm_robot/install/arm_robot/share/arm_robot/rviz/default.rviz
[1.528s] -- Up-to-date symlink: /home/shrey/arm_robot/install/arm_robot/lib/arm_robot/control.py
[1.528s] -- Up-to-date symlink: /home/shrey/arm_robot/install/arm_robot/share/ament_index/resource_index/package_run_dependencies/arm_robot
[1.528s] -- Up-to-date symlink: /home/shrey/arm_robot/install/arm_robot/share/ament_index/resource_index/parent_prefix_path/arm_robot
[1.531s] -- Up-to-date symlink: /home/shrey/arm_robot/install/arm_robot/share/arm_robot/environment/ament_prefix_path.sh
[1.532s] -- Up-to-date symlink: /home/shrey/arm_robot/install/arm_robot/share/arm_robot/environment/ament_prefix_path.dsv
[1.532s] -- Up-to-date symlink: /home/shrey/arm_robot/install/arm_robot/share/arm_robot/environment/path.sh
[1.532s] -- Up-to-date symlink: /home/shrey/arm_robot/install/arm_robot/share/arm_robot/environment/path.dsv
[1.532s] -- Up-to-date symlink: /home/shrey/arm_robot/install/arm_robot/share/arm_robot/local_setup.bash
[1.533s] -- Up-to-date symlink: /home/shrey/arm_robot/install/arm_robot/share/arm_robot/local_setup.sh
[1.533s] -- Up-to-date symlink: /home/shrey/arm_robot/install/arm_robot/share/arm_robot/local_setup.zsh
[1.533s] -- Up-to-date symlink: /home/shrey/arm_robot/install/arm_robot/share/arm_robot/local_setup.dsv
[1.533s] -- Symlinking: /home/shrey/arm_robot/install/arm_robot/share/arm_robot/package.dsv
[1.567s] -- Up-to-date symlink: /home/shrey/arm_robot/install/arm_robot/share/ament_index/resource_index/packages/arm_robot
[1.568s] -- Up-to-date symlink: /home/shrey/arm_robot/install/arm_robot/share/arm_robot/cmake/arm_robotConfig.cmake
[1.569s] -- Up-to-date symlink: /home/shrey/arm_robot/install/arm_robot/share/arm_robot/cmake/arm_robotConfig-version.cmake
[1.570s] -- Up-to-date symlink: /home/shrey/arm_robot/install/arm_robot/share/arm_robot/package.xml
[1.575s] Invoked command in '/home/shrey/arm_robot/build/arm_robot' returned '0': CMAKE_PREFIX_PATH=${CMAKE_PREFIX_PATH}:/opt/ros/humble /usr/bin/cmake --install /home/shrey/arm_robot/build/arm_robot
